生成启动时间为 2017/1/4 20:50:04。
     1>项目“E:\hetanjin\GithubFiles\Mesmer4.0\Windows VC10\TinyXML\TinyXML.vcxproj”在节点 2 上(rebuild 个目标)。
     1>InitializeBuildStatus:
         正在创建“Debug\TinyXML.unsuccessfulbuild”，因为已指定“AlwaysCreate”。
       ClCompile:
         E:\hetanjin\softwares\Microsoft Visual Studio 10.0\VC\bin\CL.exe /c /ZI /nologo /W3 /WX- /Od /Oy- /D WIN32 /D _DEBUG /D _LIB /D TIXML_USE_STL /D _CRT_SECURE_NO_WARNINGS /D _UNICODE /D UNICODE /Gm /EHsc /RTC1 /MDd /GS /fp:precise /Zc:wchar_t /Zc:forScope /Fo"Debug\\" /Fd"Debug\vc100.pdb" /Gd /TP /analyze- /errorReport:prompt ..\..\tinyxml\tinyxml.cpp ..\..\tinyxml\tinyxmlerror.cpp ..\..\tinyxml\tinyxmlparser.cpp /D_CRT_SECURE_NO_DEPRECATE 
         tinyxmlparser.cpp
         tinyxmlerror.cpp
         tinyxml.cpp
         正在生成代码...
       Lib:
         E:\hetanjin\softwares\Microsoft Visual Studio 10.0\VC\bin\Lib.exe /OUT:"E:\hetanjin\GithubFiles\Mesmer4.0\Windows VC10\Debug\TinyXMLD.lib" /NOLOGO Debug\tinyxml.obj
         Debug\tinyxmlerror.obj
         Debug\tinyxmlparser.obj
         TinyXML.vcxproj -> E:\hetanjin\GithubFiles\Mesmer4.0\Windows VC10\Debug\TinyXMLD.lib
       FinalizeBuildStatus:
         正在删除文件“Debug\TinyXML.unsuccessfulbuild”。
         正在对“Debug\TinyXML.lastbuildstate”执行 Touch 任务。
     1>已完成生成项目“E:\hetanjin\GithubFiles\Mesmer4.0\Windows VC10\TinyXML\TinyXML.vcxproj”(rebuild 个目标)的操作。

生成成功。

已用时间 00:00:01.36
