
            /|      /|                        \   
           / |     / | ________________________\  
          /  |    /  |  _   _             _   _   
         /   |   /   | / \ / \ |\     /| / \ / \  
        /    |  /    | \_/ \_  | \   / | \_/ |_/  
       /     | /     | /     \ |  \ /  | /   | \  
    \_/      |/      | \_/ \_/ |   V   | \_/ |  \ 

     Mesmer: Master Equation Solver for Multi-Energy well Reactions
     Mesmer v4.0 compiled: -- Sep  8 2014 -- 11:21:07

     Copyright (C) 2009-2015 by
     Struan H. Robertson, David R. Glowacki, Chi-Hsiu Liang,
     Chris Morley, Michael J. Pilling and contributors

     Mesmer is free software: you can redistribute it and/or modify
     it under the terms of the GNU Public License as published by
     the Free Software Foundation, either version 2 of the License,
     or (at your option) any later version.

     But WITHOUT ANY WARRANTY; without even the implied warranty of
     MERCHANTABILITY or FITNESS FOR A PARTICULAR PURPOSE.  See the
     GNU Public License for more details.

    You should have received a copy of the GNU Public License
    along with Mesmer.  If not, see <http://www.gnu.org/licenses/>.

defaults.xml, librarymols.xml are in ../..

Parsing input xml file...
Cyclopropene_isomerization_test.xml

The default value of me:calcMethod was used.
In R1: Parsing reaction...Isomerization reaction
In allene: The default value of the attribute spinMultiplicity was used.
In allene: The default value of me:DistributionCalcMethod was used.
In cyclopropene: The default value of the attribute spinMultiplicity was used.
In cyclopropene: The default value of me:DistributionCalcMethod was used.
In R1: No imaginary vibrational frequency. Check if there is tunneling.
No tunneling method used for R1
In R1: No crossing method used for R1
In R2: Parsing reaction...Isomerization reaction
In propyne: The default value of me:DistributionCalcMethod was used.
In R2: No imaginary vibrational frequency. Check if there is tunneling.
No tunneling method used for R2
In R2: No crossing method used for R2
All molecules are on the same energy basis: arbitary
The default value of the attribute precision was used.
200.72Torr, 800K at d precision with He
The default value of the attribute precision was used.
250Torr, 1000K at d precision with He
Write metadata 20140908_113358

File: "Cyclopropene_isomerization_test.xml" successfully parsed.
Main Calculation begins
Execute calcMethod simpleCalc
PT Grid 0
Number of cells = 35400, Number of grains = 177
Build Collison Operator
Diagonalize the Reaction Operator -- Time elapsed: 1 seconds.
PT Grid 1
Number of cells = 38200, Number of grains = 191
Build Collison Operator -- Time elapsed: 1 seconds.
Diagonalize the Reaction Operator -- Time elapsed: 1 seconds.

    Temperature  Concentration    Exp. Coeff.    Cal. Coeff.

            800   2.42281e+018           1000   2.41412e+018
Finish Calculation of P-T case -- Time elapsed: 1 seconds.
2 temperature/concentration-pressure points calculated.
 -- Total time elapsed: 4 seconds.

System saved to out.xml
