
            /|      /|                        \   
           / |     / | ________________________\  
          /  |    /  |  _   _             _   _   
         /   |   /   | / \ / \ |\     /| / \ / \  
        /    |  /    | \_/ \_  | \   / | \_/ |_/  
       /     | /     | /     \ |  \ /  | /   | \  
    \_/      |/      | \_/ \_/ |   V   | \_/ |  \ 

     Mesmer: Master Equation Solver for Multi-Energy well Reactions
     Mesmer v4.0 compiled: -- Feb 13 2015 -- 17:48:14

     Copyright (C) 2009-2015 by
     Struan H. Robertson, David R. Glowacki, Chi-Hsiu Liang,
     Chris Morley, Michael J. Pilling and contributors

     Mesmer is free software: you can redistribute it and/or modify
     it under the terms of the GNU Public License as published by
     the Free Software Foundation, either version 2 of the License,
     or (at your option) any later version.

     But WITHOUT ANY WARRANTY; without even the implied warranty of
     MERCHANTABILITY or FITNESS FOR A PARTICULAR PURPOSE.  See the
     GNU Public License for more details.

    You should have received a copy of the GNU Public License
    along with Mesmer.  If not, see <http://www.gnu.org/licenses/>.

defaults.xml, librarymols.xml are in ../..

Parsing input xml file...
Butyl_H_to_Butane.xml

The default value of me:Tmin was used.
The default value of me:Tmax was used.
The default value of me:Tstep was used.
The default value of me:Tmid was used.
In Butane: The default value of me:frequenciesScaleFactor was used.
In Butane: Rotational constants were calculated from atom coordinates: 0.113192 0.120421 0.790797 cm-1
In Butane: Hindered rotor b6
In Butane: Hindered rotor b2
In Butane: Hindered rotor b8
In Butyl: The default value of me:frequenciesScaleFactor was used.
In Butyl: Rotational constants were calculated from atom coordinates: 0.122254 0.129376 0.816406 cm-1
In Butyl: The default value of me:DOSCMethod was used.
In Butyl: Hindered rotor b6
In H: The default value of me:frequenciesScaleFactor was used.
In H: The default value of me:symmetryNumber was used.
In H: The default value of the attribute spinMultiplicity was used.
In H: The default value of me:DOSCMethod was used.
Write metadata 20150216_210718

File: "Butyl_H_to_Butane.xml" successfully parsed.
Main Calculation begins
Execute calcMethod ThermodynamicTable
14
Butane-orig_coords
         C        1.95884      -0.129992   1.49831e-006
         C       0.570499       0.507071   -4.9686e-006
         C      -0.571094      -0.507989   5.38593e-006
         C       -1.95828       0.130657  -2.08799e-006
         H        2.75024       0.620944   2.12583e-005
         H      -0.471274       -1.15987       0.873213
         H      -0.471272       -1.15992      -0.873188
         H       -2.09932       0.763688      -0.879049
         H       -2.09933       0.763678        0.87907
         H       -2.75166      -0.618001  -2.08594e-005
         H         2.1013      -0.762716        0.87907
         H        2.10131      -0.762706      -0.879091
         H       0.470231        1.15894      -0.873117
         H       0.470226        1.15899       0.873094
14
Butane-origin_at_at1
         C        1.38834      -0.637063   6.46691e-006
         C              0              0              0
         C       -1.14159       -1.01506   1.03545e-005
         C       -2.52878      -0.376414   2.88061e-006
         H        2.17974       0.113873   2.62269e-005
         H       -1.04177       -1.66695       0.873218
         H       -1.04177       -1.66699      -0.873183
         H       -2.66982       0.256617      -0.879044
         H       -2.66983       0.256607       0.879075
         H       -3.32216       -1.12507  -1.58907e-005
         H         1.5308       -1.26979       0.879074
         H        1.53081       -1.26978      -0.879087
         H      -0.100269       0.651867      -0.873112
         H      -0.100273       0.651916       0.873099
14
Butane-z_axis=at1-at2
         C   2.30369e-006         1.3986       0.614201
         C              0              0              0
         C   2.07091e-005              0       -1.52761
         C   1.73854e-005       -1.39902        -2.1399
         H   1.46727e-005        1.36329         1.7046
         H       0.873231       0.553488       -1.88617
         H       -0.87317       0.553524       -1.88621
         H      -0.879032       -1.96581       -1.82467
         H       0.879087       -1.96581       -1.82467
         H   6.00485e-006       -1.36672       -3.23026
         H       0.879072        1.96611       0.300245
         H      -0.879089         1.9661       0.300243
         H      -0.873115      -0.553772       0.358213
         H       0.873096      -0.553812       0.358255
14
Butane-rotate_fragment_1
         C       0.242867        1.37735       0.614201
         C              0              0              0
         C   2.07091e-005              0       -1.52761
         C   1.73854e-005       -1.39902        -2.1399
         H       0.236747        1.34258         1.7046
         H       0.873231       0.553488       -1.88617
         H       -0.87317       0.553524       -1.88621
         H      -0.879032       -1.96581       -1.82467
         H       0.879087       -1.96581       -1.82467
         H   6.00485e-006       -1.36672       -3.23026
         H        1.20713        1.78359       0.300245
         H      -0.524323        2.08889       0.300243
         H      -0.956011      -0.393744       0.358213
         H       0.763664       -0.69701       0.358255
14
Butane-rotate_fragment_2
         C       0.478352        1.31425       0.614201
         C              0              0              0
         C   2.07091e-005              0       -1.52761
         C   1.73854e-005       -1.39902        -2.1399
         H       0.466286        1.28107         1.7046
         H       0.873231       0.553488       -1.88617
         H       -0.87317       0.553524       -1.88621
         H      -0.879032       -1.96581       -1.82467
         H       0.879087       -1.96581       -1.82467
         H   6.00485e-006       -1.36672       -3.23026
         H        1.49851        1.54688       0.300245
         H      -0.153626         2.1482       0.300243
         H       -1.00986      -0.221753       0.358213
         H       0.631028      -0.819029       0.358255
14
Butane-rotate_fragment_3
         C       0.699303        1.21122       0.614201
         C              0              0              0
         C   2.07091e-005              0       -1.52761
         C   1.73854e-005       -1.39902        -2.1399
         H       0.681657        1.18064         1.7046
         H       0.873231       0.553488       -1.88617
         H       -0.87317       0.553524       -1.88621
         H      -0.879032       -1.96581       -1.82467
         H       0.879087       -1.96581       -1.82467
         H   6.00485e-006       -1.36672       -3.23026
         H        1.74435        1.26316       0.300245
         H       0.221739        2.14224       0.300243
         H       -1.03303     -0.0430233       0.358213
         H       0.479218      -0.916163       0.358255
14
Butane-rotate_fragment_4
         C       0.899005        1.07139       0.614201
         C              0              0              0
         C   2.07091e-005              0       -1.52761
         C   1.73854e-005       -1.39902        -2.1399
         H       0.876317        1.04433         1.7046
         H       0.873231       0.553488       -1.88617
         H       -0.87317       0.553524       -1.88621
         H      -0.879032       -1.96581       -1.82467
         H       0.879087       -1.96581       -1.82467
         H   6.00485e-006       -1.36672       -3.23026
         H         1.9372       0.941069       0.300245
         H       0.590366        2.07119       0.300243
         H        -1.0248       0.137013       0.358213
         H       0.312847       -0.98546       0.358255
14
Butane-rotate_fragment_5
         C        1.07139       0.899002       0.614201
         C              0              0              0
         C   2.07091e-005              0       -1.52761
         C   1.73854e-005       -1.39902        -2.1399
         H        1.04435       0.876294         1.7046
         H       0.873231       0.553488       -1.88617
         H       -0.87317       0.553524       -1.88621
         H      -0.879032       -1.96581       -1.82467
         H       0.879087       -1.96581       -1.82467
         H   6.00485e-006       -1.36672       -3.23026
         H        2.07118       0.590381       0.300245
         H       0.941055        1.93721       0.300243
         H      -0.985441       0.312887       0.358213
         H       0.136971       -1.02481       0.358255
14
Butane-rotate_fragment_6
         C        1.21123       0.699299       0.614201
         C              0              0              0
         C   2.07091e-005              0       -1.52761
         C   1.73854e-005       -1.39902        -2.1399
         H        1.18065       0.681632         1.7046
         H       0.873231       0.553488       -1.88617
         H       -0.87317       0.553524       -1.88621
         H      -0.879032       -1.96581       -1.82467
         H       0.879087       -1.96581       -1.82467
         H   6.00485e-006       -1.36672       -3.23026
         H        2.14224       0.221755       0.300245
         H        1.26315        1.74436       0.300243
         H      -0.916138       0.479253       0.358213
         H     -0.0430669       -1.03303       0.358255
14
Butane-rotate_fragment_7
         C        1.31426       0.478348       0.614201
         C              0              0              0
         C   2.07091e-005              0       -1.52761
         C   1.73854e-005       -1.39902        -2.1399
         H        1.28108       0.466259         1.7046
         H       0.873231       0.553488       -1.88617
         H       -0.87317       0.553524       -1.88621
         H      -0.879032       -1.96581       -1.82467
         H       0.879087       -1.96581       -1.82467
         H   6.00485e-006       -1.36672       -3.23026
         H         2.1482      -0.153609       0.300245
         H        1.54687        1.49852       0.300243
         H      -0.818998       0.631058       0.358213
         H      -0.221796       -1.00986       0.358255
14
Butane-rotate_fragment_8
         C        1.37735       0.242862       0.614201
         C              0              0              0
         C   2.07091e-005              0       -1.52761
         C   1.73854e-005       -1.39902        -2.1399
         H        1.34258       0.236718         1.7046
         H       0.873231       0.553488       -1.88617
         H       -0.87317       0.553524       -1.88621
         H      -0.879032       -1.96581       -1.82467
         H       0.879087       -1.96581       -1.82467
         H   6.00485e-006       -1.36672       -3.23026
         H        2.08889      -0.524306       0.300245
         H        1.78358        1.20714       0.300243
         H      -0.696974       0.763688       0.358213
         H      -0.393787      -0.956001       0.358255
14
Butane-rotate_fragment_9
         C         1.3986  -2.30369e-006       0.614201
         C              0              0              0
         C   2.07091e-005              0       -1.52761
         C   1.73854e-005       -1.39902        -2.1399
         H        1.36329  -1.46727e-005         1.7046
         H       0.873231       0.553488       -1.88617
         H       -0.87317       0.553524       -1.88621
         H      -0.879032       -1.96581       -1.82467
         H       0.879087       -1.96581       -1.82467
         H   6.00485e-006       -1.36672       -3.23026
         H        1.96611      -0.879072       0.300245
         H         1.9661       0.879089       0.300243
         H      -0.553772       0.873115       0.358213
         H      -0.553812      -0.873096       0.358255
14
Butane-rotate_fragment_10
         C        1.37735      -0.242867       0.614201
         C              0              0              0
         C   2.07091e-005              0       -1.52761
         C   1.73854e-005       -1.39902        -2.1399
         H        1.34258      -0.236747         1.7046
         H       0.873231       0.553488       -1.88617
         H       -0.87317       0.553524       -1.88621
         H      -0.879032       -1.96581       -1.82467
         H       0.879087       -1.96581       -1.82467
         H   6.00485e-006       -1.36672       -3.23026
         H        1.78359       -1.20713       0.300245
         H        2.08889       0.524323       0.300243
         H      -0.393744       0.956011       0.358213
         H       -0.69701      -0.763664       0.358255
14
Butane-rotate_fragment_11
         C        1.31425      -0.478352       0.614201
         C              0              0              0
         C   2.07091e-005              0       -1.52761
         C   1.73854e-005       -1.39902        -2.1399
         H        1.28107      -0.466286         1.7046
         H       0.873231       0.553488       -1.88617
         H       -0.87317       0.553524       -1.88621
         H      -0.879032       -1.96581       -1.82467
         H       0.879087       -1.96581       -1.82467
         H   6.00485e-006       -1.36672       -3.23026
         H        1.54688       -1.49851       0.300245
         H         2.1482       0.153626       0.300243
         H      -0.221753        1.00986       0.358213
         H      -0.819029      -0.631028       0.358255
14
Butane-rotate_fragment_12
         C        1.21122      -0.699303       0.614201
         C              0              0              0
         C   2.07091e-005              0       -1.52761
         C   1.73854e-005       -1.39902        -2.1399
         H        1.18064      -0.681657         1.7046
         H       0.873231       0.553488       -1.88617
         H       -0.87317       0.553524       -1.88621
         H      -0.879032       -1.96581       -1.82467
         H       0.879087       -1.96581       -1.82467
         H   6.00485e-006       -1.36672       -3.23026
         H        1.26316       -1.74435       0.300245
         H        2.14224      -0.221739       0.300243
         H     -0.0430233        1.03303       0.358213
         H      -0.916163      -0.479218       0.358255
14
Butane-rotate_fragment_13
         C        1.07139      -0.899005       0.614201
         C              0              0              0
         C   2.07091e-005              0       -1.52761
         C   1.73854e-005       -1.39902        -2.1399
         H        1.04433      -0.876317         1.7046
         H       0.873231       0.553488       -1.88617
         H       -0.87317       0.553524       -1.88621
         H      -0.879032       -1.96581       -1.82467
         H       0.879087       -1.96581       -1.82467
         H   6.00485e-006       -1.36672       -3.23026
         H       0.941069        -1.9372       0.300245
         H        2.07119      -0.590366       0.300243
         H       0.137013         1.0248       0.358213
         H       -0.98546      -0.312847       0.358255
14
Butane-rotate_fragment_14
         C       0.899002       -1.07139       0.614201
         C              0              0              0
         C   2.07091e-005              0       -1.52761
         C   1.73854e-005       -1.39902        -2.1399
         H       0.876294       -1.04435         1.7046
         H       0.873231       0.553488       -1.88617
         H       -0.87317       0.553524       -1.88621
         H      -0.879032       -1.96581       -1.82467
         H       0.879087       -1.96581       -1.82467
         H   6.00485e-006       -1.36672       -3.23026
         H       0.590381       -2.07118       0.300245
         H        1.93721      -0.941055       0.300243
         H       0.312887       0.985441       0.358213
         H       -1.02481      -0.136971       0.358255
14
Butane-rotate_fragment_15
         C       0.699299       -1.21123       0.614201
         C              0              0              0
         C   2.07091e-005              0       -1.52761
         C   1.73854e-005       -1.39902        -2.1399
         H       0.681632       -1.18065         1.7046
         H       0.873231       0.553488       -1.88617
         H       -0.87317       0.553524       -1.88621
         H      -0.879032       -1.96581       -1.82467
         H       0.879087       -1.96581       -1.82467
         H   6.00485e-006       -1.36672       -3.23026
         H       0.221755       -2.14224       0.300245
         H        1.74436       -1.26315       0.300243
         H       0.479253       0.916138       0.358213
         H       -1.03303      0.0430669       0.358255
14
Butane-rotate_fragment_16
         C       0.478348       -1.31426       0.614201
         C              0              0              0
         C   2.07091e-005              0       -1.52761
         C   1.73854e-005       -1.39902        -2.1399
         H       0.466259       -1.28108         1.7046
         H       0.873231       0.553488       -1.88617
         H       -0.87317       0.553524       -1.88621
         H      -0.879032       -1.96581       -1.82467
         H       0.879087       -1.96581       -1.82467
         H   6.00485e-006       -1.36672       -3.23026
         H      -0.153609        -2.1482       0.300245
         H        1.49852       -1.54687       0.300243
         H       0.631058       0.818998       0.358213
         H       -1.00986       0.221796       0.358255
14
Butane-rotate_fragment_17
         C       0.242862       -1.37735       0.614201
         C              0              0              0
         C   2.07091e-005              0       -1.52761
         C   1.73854e-005       -1.39902        -2.1399
         H       0.236718       -1.34258         1.7046
         H       0.873231       0.553488       -1.88617
         H       -0.87317       0.553524       -1.88621
         H      -0.879032       -1.96581       -1.82467
         H       0.879087       -1.96581       -1.82467
         H   6.00485e-006       -1.36672       -3.23026
         H      -0.524306       -2.08889       0.300245
         H        1.20714       -1.78358       0.300243
         H       0.763688       0.696974       0.358213
         H      -0.956001       0.393787       0.358255
14
Butane-rotate_fragment_18
         C  -2.30369e-006        -1.3986       0.614201
         C              0              0              0
         C   2.07091e-005              0       -1.52761
         C   1.73854e-005       -1.39902        -2.1399
         H  -1.46727e-005       -1.36329         1.7046
         H       0.873231       0.553488       -1.88617
         H       -0.87317       0.553524       -1.88621
         H      -0.879032       -1.96581       -1.82467
         H       0.879087       -1.96581       -1.82467
         H   6.00485e-006       -1.36672       -3.23026
         H      -0.879072       -1.96611       0.300245
         H       0.879089        -1.9661       0.300243
         H       0.873115       0.553772       0.358213
         H      -0.873096       0.553812       0.358255
14
Butane-rotate_fragment_19
         C      -0.242867       -1.37735       0.614201
         C              0              0              0
         C   2.07091e-005              0       -1.52761
         C   1.73854e-005       -1.39902        -2.1399
         H      -0.236747       -1.34258         1.7046
         H       0.873231       0.553488       -1.88617
         H       -0.87317       0.553524       -1.88621
         H      -0.879032       -1.96581       -1.82467
         H       0.879087       -1.96581       -1.82467
         H   6.00485e-006       -1.36672       -3.23026
         H       -1.20713       -1.78359       0.300245
         H       0.524323       -2.08889       0.300243
         H       0.956011       0.393744       0.358213
         H      -0.763664        0.69701       0.358255
14
Butane-rotate_fragment_20
         C      -0.478352       -1.31425       0.614201
         C              0              0              0
         C   2.07091e-005              0       -1.52761
         C   1.73854e-005       -1.39902        -2.1399
         H      -0.466286       -1.28107         1.7046
         H       0.873231       0.553488       -1.88617
         H       -0.87317       0.553524       -1.88621
         H      -0.879032       -1.96581       -1.82467
         H       0.879087       -1.96581       -1.82467
         H   6.00485e-006       -1.36672       -3.23026
         H       -1.49851       -1.54688       0.300245
         H       0.153626        -2.1482       0.300243
         H        1.00986       0.221753       0.358213
         H      -0.631028       0.819029       0.358255
14
Butane-rotate_fragment_21
         C      -0.699303       -1.21122       0.614201
         C              0              0              0
         C   2.07091e-005              0       -1.52761
         C   1.73854e-005       -1.39902        -2.1399
         H      -0.681657       -1.18064         1.7046
         H       0.873231       0.553488       -1.88617
         H       -0.87317       0.553524       -1.88621
         H      -0.879032       -1.96581       -1.82467
         H       0.879087       -1.96581       -1.82467
         H   6.00485e-006       -1.36672       -3.23026
         H       -1.74435       -1.26316       0.300245
         H      -0.221739       -2.14224       0.300243
         H        1.03303      0.0430233       0.358213
         H      -0.479218       0.916163       0.358255
14
Butane-rotate_fragment_22
         C      -0.899005       -1.07139       0.614201
         C              0              0              0
         C   2.07091e-005              0       -1.52761
         C   1.73854e-005       -1.39902        -2.1399
         H      -0.876317       -1.04433         1.7046
         H       0.873231       0.553488       -1.88617
         H       -0.87317       0.553524       -1.88621
         H      -0.879032       -1.96581       -1.82467
         H       0.879087       -1.96581       -1.82467
         H   6.00485e-006       -1.36672       -3.23026
         H        -1.9372      -0.941069       0.300245
         H      -0.590366       -2.07119       0.300243
         H         1.0248      -0.137013       0.358213
         H      -0.312847        0.98546       0.358255
14
Butane-rotate_fragment_23
         C       -1.07139      -0.899002       0.614201
         C              0              0              0
         C   2.07091e-005              0       -1.52761
         C   1.73854e-005       -1.39902        -2.1399
         H       -1.04435      -0.876294         1.7046
         H       0.873231       0.553488       -1.88617
         H       -0.87317       0.553524       -1.88621
         H      -0.879032       -1.96581       -1.82467
         H       0.879087       -1.96581       -1.82467
         H   6.00485e-006       -1.36672       -3.23026
         H       -2.07118      -0.590381       0.300245
         H      -0.941055       -1.93721       0.300243
         H       0.985441      -0.312887       0.358213
         H      -0.136971        1.02481       0.358255
14
Butane-rotate_fragment_24
         C       -1.21123      -0.699299       0.614201
         C              0              0              0
         C   2.07091e-005              0       -1.52761
         C   1.73854e-005       -1.39902        -2.1399
         H       -1.18065      -0.681632         1.7046
         H       0.873231       0.553488       -1.88617
         H       -0.87317       0.553524       -1.88621
         H      -0.879032       -1.96581       -1.82467
         H       0.879087       -1.96581       -1.82467
         H   6.00485e-006       -1.36672       -3.23026
         H       -2.14224      -0.221755       0.300245
         H       -1.26315       -1.74436       0.300243
         H       0.916138      -0.479253       0.358213
         H      0.0430669        1.03303       0.358255
14
Butane-rotate_fragment_25
         C       -1.31426      -0.478348       0.614201
         C              0              0              0
         C   2.07091e-005              0       -1.52761
         C   1.73854e-005       -1.39902        -2.1399
         H       -1.28108      -0.466259         1.7046
         H       0.873231       0.553488       -1.88617
         H       -0.87317       0.553524       -1.88621
         H      -0.879032       -1.96581       -1.82467
         H       0.879087       -1.96581       -1.82467
         H   6.00485e-006       -1.36672       -3.23026
         H        -2.1482       0.153609       0.300245
         H       -1.54687       -1.49852       0.300243
         H       0.818998      -0.631058       0.358213
         H       0.221796        1.00986       0.358255
14
Butane-rotate_fragment_26
         C       -1.37735      -0.242862       0.614201
         C              0              0              0
         C   2.07091e-005              0       -1.52761
         C   1.73854e-005       -1.39902        -2.1399
         H       -1.34258      -0.236718         1.7046
         H       0.873231       0.553488       -1.88617
         H       -0.87317       0.553524       -1.88621
         H      -0.879032       -1.96581       -1.82467
         H       0.879087       -1.96581       -1.82467
         H   6.00485e-006       -1.36672       -3.23026
         H       -2.08889       0.524306       0.300245
         H       -1.78358       -1.20714       0.300243
         H       0.696974      -0.763688       0.358213
         H       0.393787       0.956001       0.358255
14
Butane-rotate_fragment_27
         C        -1.3986   2.30369e-006       0.614201
         C              0              0              0
         C   2.07091e-005              0       -1.52761
         C   1.73854e-005       -1.39902        -2.1399
         H       -1.36329   1.46727e-005         1.7046
         H       0.873231       0.553488       -1.88617
         H       -0.87317       0.553524       -1.88621
         H      -0.879032       -1.96581       -1.82467
         H       0.879087       -1.96581       -1.82467
         H   6.00485e-006       -1.36672       -3.23026
         H       -1.96611       0.879072       0.300245
         H        -1.9661      -0.879089       0.300243
         H       0.553772      -0.873115       0.358213
         H       0.553812       0.873096       0.358255
14
Butane-rotate_fragment_28
         C       -1.37735       0.242867       0.614201
         C              0              0              0
         C   2.07091e-005              0       -1.52761
         C   1.73854e-005       -1.39902        -2.1399
         H       -1.34258       0.236747         1.7046
         H       0.873231       0.553488       -1.88617
         H       -0.87317       0.553524       -1.88621
         H      -0.879032       -1.96581       -1.82467
         H       0.879087       -1.96581       -1.82467
         H   6.00485e-006       -1.36672       -3.23026
         H       -1.78359        1.20713       0.300245
         H       -2.08889      -0.524323       0.300243
         H       0.393744      -0.956011       0.358213
         H        0.69701       0.763664       0.358255
14
Butane-rotate_fragment_29
         C       -1.31425       0.478352       0.614201
         C              0              0              0
         C   2.07091e-005              0       -1.52761
         C   1.73854e-005       -1.39902        -2.1399
         H       -1.28107       0.466286         1.7046
         H       0.873231       0.553488       -1.88617
         H       -0.87317       0.553524       -1.88621
         H      -0.879032       -1.96581       -1.82467
         H       0.879087       -1.96581       -1.82467
         H   6.00485e-006       -1.36672       -3.23026
         H       -1.54688        1.49851       0.300245
         H        -2.1482      -0.153626       0.300243
         H       0.221753       -1.00986       0.358213
         H       0.819029       0.631028       0.358255
14
Butane-rotate_fragment_30
         C       -1.21122       0.699303       0.614201
         C              0              0              0
         C   2.07091e-005              0       -1.52761
         C   1.73854e-005       -1.39902        -2.1399
         H       -1.18064       0.681657         1.7046
         H       0.873231       0.553488       -1.88617
         H       -0.87317       0.553524       -1.88621
         H      -0.879032       -1.96581       -1.82467
         H       0.879087       -1.96581       -1.82467
         H   6.00485e-006       -1.36672       -3.23026
         H       -1.26316        1.74435       0.300245
         H       -2.14224       0.221739       0.300243
         H      0.0430233       -1.03303       0.358213
         H       0.916163       0.479218       0.358255
14
Butane-rotate_fragment_31
         C       -1.07139       0.899005       0.614201
         C              0              0              0
         C   2.07091e-005              0       -1.52761
         C   1.73854e-005       -1.39902        -2.1399
         H       -1.04433       0.876317         1.7046
         H       0.873231       0.553488       -1.88617
         H       -0.87317       0.553524       -1.88621
         H      -0.879032       -1.96581       -1.82467
         H       0.879087       -1.96581       -1.82467
         H   6.00485e-006       -1.36672       -3.23026
         H      -0.941069         1.9372       0.300245
         H       -2.07119       0.590366       0.300243
         H      -0.137013        -1.0248       0.358213
         H        0.98546       0.312847       0.358255
14
Butane-rotate_fragment_32
         C      -0.899002        1.07139       0.614201
         C              0              0              0
         C   2.07091e-005              0       -1.52761
         C   1.73854e-005       -1.39902        -2.1399
         H      -0.876294        1.04435         1.7046
         H       0.873231       0.553488       -1.88617
         H       -0.87317       0.553524       -1.88621
         H      -0.879032       -1.96581       -1.82467
         H       0.879087       -1.96581       -1.82467
         H   6.00485e-006       -1.36672       -3.23026
         H      -0.590381        2.07118       0.300245
         H       -1.93721       0.941055       0.300243
         H      -0.312887      -0.985441       0.358213
         H        1.02481       0.136971       0.358255
14
Butane-rotate_fragment_33
         C      -0.699299        1.21123       0.614201
         C              0              0              0
         C   2.07091e-005              0       -1.52761
         C   1.73854e-005       -1.39902        -2.1399
         H      -0.681632        1.18065         1.7046
         H       0.873231       0.553488       -1.88617
         H       -0.87317       0.553524       -1.88621
         H      -0.879032       -1.96581       -1.82467
         H       0.879087       -1.96581       -1.82467
         H   6.00485e-006       -1.36672       -3.23026
         H      -0.221755        2.14224       0.300245
         H       -1.74436        1.26315       0.300243
         H      -0.479253      -0.916138       0.358213
         H        1.03303     -0.0430669       0.358255
14
Butane-rotate_fragment_34
         C      -0.478348        1.31426       0.614201
         C              0              0              0
         C   2.07091e-005              0       -1.52761
         C   1.73854e-005       -1.39902        -2.1399
         H      -0.466259        1.28108         1.7046
         H       0.873231       0.553488       -1.88617
         H       -0.87317       0.553524       -1.88621
         H      -0.879032       -1.96581       -1.82467
         H       0.879087       -1.96581       -1.82467
         H   6.00485e-006       -1.36672       -3.23026
         H       0.153609         2.1482       0.300245
         H       -1.49852        1.54687       0.300243
         H      -0.631058      -0.818998       0.358213
         H        1.00986      -0.221796       0.358255
14
Butane-rotate_fragment_35
         C      -0.242862        1.37735       0.614201
         C              0              0              0
         C   2.07091e-005              0       -1.52761
         C   1.73854e-005       -1.39902        -2.1399
         H      -0.236718        1.34258         1.7046
         H       0.873231       0.553488       -1.88617
         H       -0.87317       0.553524       -1.88621
         H      -0.879032       -1.96581       -1.82467
         H       0.879087       -1.96581       -1.82467
         H   6.00485e-006       -1.36672       -3.23026
         H       0.524306        2.08889       0.300245
         H       -1.20714        1.78358       0.300243
         H      -0.763688      -0.696974       0.358213
         H       0.956001      -0.393787       0.358255
14
Butane-orig_coords
         C        1.95884      -0.129992   1.49831e-006
         C       0.570499       0.507071   -4.9686e-006
         C      -0.571094      -0.507989   5.38593e-006
         C       -1.95828       0.130657  -2.08799e-006
         H        2.75024       0.620944   2.12583e-005
         H      -0.471274       -1.15987       0.873213
         H      -0.471272       -1.15992      -0.873188
         H       -2.09932       0.763688      -0.879049
         H       -2.09933       0.763678        0.87907
         H       -2.75166      -0.618001  -2.08594e-005
         H         2.1013      -0.762716        0.87907
         H        2.10131      -0.762706      -0.879091
         H       0.470231        1.15894      -0.873117
         H       0.470226        1.15899       0.873094
Number of grains produced is not equal to that requested
Number of grains requested: 1000
Number of grains produced : 1
Energy convention "arbitrary" written to <moleculeList>
 -- Total time elapsed: 63 seconds.

System saved to mesmer_out.xml
