
            /|      /|                        \   
           / |     / | ________________________\  
          /  |    /  |  _   _             _   _   
         /   |   /   | / \ / \ |\     /| / \ / \  
        /    |  /    | \_/ \_  | \   / | \_/ |_/  
       /     | /     | /     \ |  \ /  | /   | \  
    \_/      |/      | \_/ \_/ |   V   | \_/ |  \ 

     Mesmer: Master Equation Solver for Multi-Energy well Reactions
     Mesmer v4.0 compiled: -- May  6 2015 -- 18:15:22

     Copyright (C) 2009-2015 by
     Struan H. Robertson, David R. Glowacki, Chi-Hsiu Liang,
     Chris Morley, Michael J. Pilling and contributors

     Mesmer is free software: you can redistribute it and/or modify
     it under the terms of the GNU Public License as published by
     the Free Software Foundation, either version 2 of the License,
     or (at your option) any later version.

     But WITHOUT ANY WARRANTY; without even the implied warranty of
     MERCHANTABILITY or FITNESS FOR A PARTICULAR PURPOSE.  See the
     GNU Public License for more details.

    You should have received a copy of the GNU Public License
    along with Mesmer.  If not, see <http://www.gnu.org/licenses/>.

defaults.xml, librarymols.xml are in ../..

Parsing input xml file...
HCCH_methylene.xml

The default value of me:calcMethod was used.
In He: He copied from ../../librarymols.xml
In R1: Parsing reaction...Irreversible exchange reaction
In R1: No imaginary vibrational frequency. Check if there is tunneling.
No tunneling method used for R1

In R1: Spin Forbidden Crossing Data looked for in transition state molecule.
In R1: me:RMS_SOC_element = 6.61 cm-1
In R1: me:GradientDifferenceMagnitude = 0.079742 a.u./Bohr
In R1: me:GradientReducedMass = 8.2323 a.m.u.
In R1: Not a unimolecular reaction: look for excess reactant concentration.
The default value of the attribute precision was used.
1Torr, 195K at d precision with He
The default value of the attribute precision was used.
1Torr, 298K at d precision with He
Write metadata 20150506_195206

File: "HCCH_methylene.xml" successfully parsed.
Main Calculation begins
Execute calcMethod simpleCalc
PT Grid 0
Number of cells = 27120, Number of grains = 1356
In FastLaplaceConvolution: 120 values in the FFT convolution routine were replaced by standard convolution
In FastLaplaceConvolution: 40 values in the FFT convolution routine were replaced by standard convolution
Build Collison Operator
PT Grid 1
Number of cells = 41440, Number of grains = 2072
In FastLaplaceConvolution: 960 values in the FFT convolution routine were replaced by standard convolution
In FastLaplaceConvolution: 100 values in the FFT convolution routine were replaced by standard convolution
Build Collison Operator

    Temperature  Concentration    Exp. Coeff.    Cal. Coeff.


Finish Calculation of P-T case
2 temperature/concentration-pressure points calculated.
Energy convention "arbitrary" written to <moleculeList>
 -- Total time elapsed: 1 seconds.

System saved to mesmer_out.xml
