
            /|      /|                        \   
           / |     / | ________________________\  
          /  |    /  |  _   _             _   _   
         /   |   /   | / \ / \ |\     /| / \ / \  
        /    |  /    | \_/ \_  | \   / | \_/ |_/  
       /     | /     | /     \ |  \ /  | /   | \  
    \_/      |/      | \_/ \_/ |   V   | \_/ |  \ 

     Mesmer: Master Equation Solver for Multi-Energy well Reactions
     Mesmer v4.0 compiled: -- May  6 2015 -- 18:15:22

     Copyright (C) 2009-2015 by
     Struan H. Robertson, David R. Glowacki, Chi-Hsiu Liang,
     Chris Morley, Michael J. Pilling and contributors

     Mesmer is free software: you can redistribute it and/or modify
     it under the terms of the GNU Public License as published by
     the Free Software Foundation, either version 2 of the License,
     or (at your option) any later version.

     But WITHOUT ANY WARRANTY; without even the implied warranty of
     MERCHANTABILITY or FITNESS FOR A PARTICULAR PURPOSE.  See the
     GNU Public License for more details.

    You should have received a copy of the GNU Public License
    along with Mesmer.  If not, see <http://www.gnu.org/licenses/>.

defaults.xml, librarymols.xml are in ../..

Parsing input xml file...
ChebyshevCK.xml

In R1: Parsing reaction...Association reaction
In CH3OCH2: The default value of me:DOSCMethod was used.
In CH3OCH2: Hindered rotor b5
In CH3OCH2: Hindered rotor b4
In IM1: Hindered rotor b5
In IM1: Hindered rotor b4
In IM1: Hindered rotor b8
In IM1: The default value of me:DistributionCalcMethod was used.
In R1: The default value of me:TInfinity was used.
In R1: No tunneling method used for R1
In R1: No crossing method used for R1
In R1: Not a unimolecular reaction: look for excess reactant concentration.
In R2: Parsing reaction...Isomerization reaction
In IM2: Hindered rotor b1
In IM2: Hindered rotor b2
In IM2: Hindered rotor b3
In IM2: Hindered rotor b4
In IM2: The default value of me:DistributionCalcMethod was used.
In R2: No crossing method used for R2
In R3: Parsing reaction...Irreversible unimolecular reaction
In TS5: The default value of me:DOSCMethod was used.
In TS5: Hindered rotor b1
In TS5: Hindered rotor b2
In TS5: Hindered rotor b3
In R3: No tunneling method used for R3
In R3: No crossing method used for R3
In R4: Parsing reaction...Irreversible unimolecular reaction
In R4: No tunneling method used for R4
In R4: No crossing method used for R4
In R5: Parsing reaction...Irreversible unimolecular reaction
In R5: No tunneling method used for R5
In R5: No crossing method used for R5
No pressure and temperature specified.
Write metadata 20150506_200444

File: "ChebyshevCK.xml" successfully parsed.
Main Calculation begins
Execute calcMethod analyticalRepresentation

Bath gas is He
In FastLaplaceConvolution: 740 values in the FFT convolution routine were replaced by standard convolution
Association ILT calculation completed
In FastLaplaceConvolution: 3920 values in the FFT convolution routine were replaced by standard convolution

REACTIONS MOLES

CH3OCH2 + O2 => IM1 (+M)  1.00  0.0  0.0
! Data generated by MESMER 4.0 on May  6 2015.
    TCHEB/            200          1000/
    PCHEB/          0.001            10/
    CHEB/     6     4/
    CHEB/       11.2143        1.8868     -0.635737      0.104768/
    CHEB/       1.43894     -0.932207     -0.133618      0.226166/
    CHEB/     -0.387237    -0.0616599      0.297067     -0.107331/
    CHEB/      0.112786      0.125846    -0.0595739    -0.0911999/
    CHEB/    -0.0518502    -0.0180875     -0.102448      0.176032/
    CHEB/    -0.0385348     0.0985712     0.0121621    -0.0716063/

CH3OCH2 + O2 => IM2 (+M)  1.00  0.0  0.0
! Data generated by MESMER 4.0 on May  6 2015.
    TCHEB/            200          1000/
    PCHEB/          0.001            10/
    CHEB/     6     4/
    CHEB/       9.95828       1.37467     -0.745631    -0.0367499/
    CHEB/      0.791856     -0.563397     -0.476418      0.190484/
    CHEB/     -0.551728      0.344247    0.00212968     0.0339011/
    CHEB/      0.297978     -0.145467    -0.0212487     0.0328511/
    CHEB/    -0.0630826    -0.0814705      0.104676    -0.0407483/
    CHEB/     0.0367737     0.0155789   -0.00743639    -0.0329338/

CH3OCH2 + O2 => OH-1 (+M)  1.00  0.0  0.0
! Data generated by MESMER 4.0 on May  6 2015.
    TCHEB/            200          1000/
    PCHEB/          0.001            10/
    CHEB/     6     4/
    CHEB/       11.6501      -1.19026      -0.40779    -0.0191145/
    CHEB/     -0.167021      -1.08855     -0.278516     0.0404216/
    CHEB/     -0.184098      0.120817     0.0996059     0.0244568/
    CHEB/      0.120408     0.0320542     -0.008412     -0.013398/
    CHEB/    -0.0483804    -0.0249724   -0.00747367    0.00359369/
    CHEB/     0.0152187    0.00981414    0.00525101  -0.000411443/

CH3OCH2 + O2 => OH-2 (+M)  1.00  0.0  0.0
! Data generated by MESMER 4.0 on May  6 2015.
    TCHEB/            200          1000/
    PCHEB/          0.001            10/
    CHEB/     6     4/
    CHEB/       6.33509     -0.990511     -0.332392    -0.0306353/
    CHEB/      -1.32081      -1.00797     -0.275849    0.00726494/
    CHEB/    -0.0535119     0.0434023     0.0690696     0.0263995/
    CHEB/     0.0687614     0.0493993    0.00650405   -0.00899858/
    CHEB/    -0.0239484      -0.02331    -0.0112105   0.000287997/
    CHEB/    0.00500251    0.00645839    0.00523663    0.00174474/

CH3OCH2 + O2 => OH-3 (+M)  1.00  0.0  0.0
! Data generated by MESMER 4.0 on May  6 2015.
    TCHEB/            200          1000/
    PCHEB/          0.001            10/
    CHEB/     6     4/
    CHEB/       5.64891     -0.947459     -0.329582    -0.0337958/
    CHEB/      -1.46527     -0.966178     -0.278036    0.00304117/
    CHEB/    -0.0622664      0.041331     0.0654628     0.0264885/
    CHEB/     0.0667368     0.0481997    0.00740733   -0.00853962/
    CHEB/    -0.0231879     -0.022771    -0.0112052 -1.59749e-005/
    CHEB/    0.00484853    0.00617094    0.00508057    0.00187167/

IM1 => CH3OCH2 + O2 (+M)  1.00  0.0  0.0
! Data generated by MESMER 4.0 on May  6 2015.
    TCHEB/            200          1000/
    PCHEB/          0.001            10/
    CHEB/     6     4/
    CHEB/      -9.02532        1.8868     -0.635737      0.104768/
    CHEB/      -13.8523     -0.932207     -0.133618      0.226166/
    CHEB/     -0.432035    -0.0616599      0.297067     -0.107331/
    CHEB/       0.14052      0.125846    -0.0595739    -0.0911999/
    CHEB/    -0.0627652    -0.0180875     -0.102448      0.176032/
    CHEB/    -0.0352967     0.0985712     0.0121621    -0.0716063/

IM1 => IM2 (+M)  1.00  0.0  0.0
! Data generated by MESMER 4.0 on May  6 2015.
    TCHEB/            200          1000/
    PCHEB/          0.001            10/
    CHEB/     6     4/
    CHEB/     -0.431608      0.616821     -0.146216    0.00205951/
    CHEB/      -5.53662     -0.853718      0.136615      0.032322/
    CHEB/     -0.108197      0.327776       0.02167    -0.0399761/
    CHEB/      0.120823    -0.0356367    -0.0649756     0.0210716/
    CHEB/    -0.0452774    -0.0457765     0.0404629     0.0029028/
    CHEB/     0.0105287     0.0312234   -0.00185902    -0.0220654/

IM1 => OH-1 (+M)  1.00  0.0  0.0
! Data generated by MESMER 4.0 on May  6 2015.
    TCHEB/            200          1000/
    PCHEB/          0.001            10/
    CHEB/     6     4/
    CHEB/      -5.28739      -0.16706     -0.341061    -0.0255185/
    CHEB/      -11.3728      -1.18202    -0.0832444     0.0433596/
    CHEB/     -0.459161       0.30848     0.0677887       0.01944/
    CHEB/      0.251895   -0.00560725    -0.0204258    -0.0193125/
    CHEB/    -0.0888548    -0.0238291   -0.00386477    0.00562431/
    CHEB/     0.0328465   -0.00849379      0.013083    0.00688602/

IM1 => OH-2 (+M)  1.00  0.0  0.0
! Data generated by MESMER 4.0 on May  6 2015.
    TCHEB/            200          1000/
    PCHEB/          0.001            10/
    CHEB/     6     4/
    CHEB/      -14.2432       1.99165     -0.652148     0.0875781/
    CHEB/      -14.2846     -0.743459     -0.422723      0.421812/
    CHEB/     -0.327399     -0.268976      0.520644     0.0455891/
    CHEB/      0.150736      0.354325    -0.0553302     0.0623207/
    CHEB/      0.110643      -0.20511      0.120532       0.16613/
    CHEB/   -0.00835454      0.132643     0.0346023    0.00534322/

IM1 => OH-3 (+M)  1.00  0.0  0.0
! Data generated by MESMER 4.0 on May  6 2015.
    TCHEB/            200          1000/
    PCHEB/          0.001            10/
    CHEB/     6     4/
    CHEB/      -15.1327       2.23262     -0.685566     0.0130789/
    CHEB/      -14.4829      -0.46471     -0.628765      0.428317/
    CHEB/     -0.198272     -0.240306      0.451125   -0.00954687/
    CHEB/      0.292486      0.345027      -0.02965     -0.124701/
    CHEB/      0.244322     -0.214344     0.0634301      0.116997/
    CHEB/     0.0266063      0.214837    -0.0251344    -0.0766101/

IM2 => CH3OCH2 + O2 (+M)  1.00  0.0  0.0
! Data generated by MESMER 4.0 on May  6 2015.
    TCHEB/            200          1000/
    PCHEB/          0.001            10/
    CHEB/     6     4/
    CHEB/      -4.24164       1.37467     -0.745631    -0.0367499/
    CHEB/      -9.80046     -0.563397     -0.476418      0.190484/
    CHEB/     -0.731838      0.344247    0.00212968     0.0339011/
    CHEB/       0.35425     -0.145467    -0.0212487     0.0328511/
    CHEB/     -0.078797    -0.0814705      0.104676    -0.0407483/
    CHEB/     0.0406842     0.0155789   -0.00743639    -0.0329338/

IM2 => IM1 (+M)  1.00  0.0  0.0
! Data generated by MESMER 4.0 on May  6 2015.
    TCHEB/            200          1000/
    PCHEB/          0.001            10/
    CHEB/     6     4/
    CHEB/       5.60805      0.616821     -0.146216    0.00205951/
    CHEB/     -0.837682     -0.853718      0.136615      0.032322/
    CHEB/     -0.243509      0.327776       0.02167    -0.0399761/
    CHEB/      0.149361    -0.0356367    -0.0649756     0.0210716/
    CHEB/    -0.0500768    -0.0457765     0.0404629     0.0029028/
    CHEB/     0.0112009     0.0312234   -0.00185902    -0.0220654/

IM2 => OH-1 (+M)  1.00  0.0  0.0
! Data generated by MESMER 4.0 on May  6 2015.
    TCHEB/            200          1000/
    PCHEB/          0.001            10/
    CHEB/     6     4/
    CHEB/      0.585668       1.25533     -0.155897    -0.0831819/
    CHEB/      -6.76849    0.00661425     -0.233137     -0.115947/
    CHEB/     -0.479718      0.174739     -0.125988     0.0729108/
    CHEB/      0.343759     -0.223524      0.114071     0.0552831/
    CHEB/     -0.130304     0.0516162     0.0269471    -0.0670287/
    CHEB/    -0.0153412     0.0853061    -0.0749321    -0.0139586/

IM2 => OH-2 (+M)  1.00  0.0  0.0
! Data generated by MESMER 4.0 on May  6 2015.
    TCHEB/            200          1000/
    PCHEB/          0.001            10/
    CHEB/     6     4/
    CHEB/      -8.65917       2.99067     -0.315022     -0.114625/
    CHEB/      -9.78849      0.112391     -0.381123       0.16513/
    CHEB/     -0.728741     0.0917302      -0.15983   -0.00157457/
    CHEB/      0.261055    -0.0266606    -0.0423121      0.181947/
    CHEB/     -0.077387    0.00958901     0.0704256    -0.0960462/
    CHEB/     0.0243709    -0.0323852     0.0182387    -0.0714823/

IM2 => OH-3 (+M)  1.00  0.0  0.0
! Data generated by MESMER 4.0 on May  6 2015.
    TCHEB/            200          1000/
    PCHEB/          0.001            10/
    CHEB/     6     4/
    CHEB/      -9.56349        3.0394     -0.220256     -0.186252/
    CHEB/      -10.0537      0.172728     -0.374477      0.157168/
    CHEB/     -0.743894     0.0817255     -0.161534    0.00588448/
    CHEB/      0.261564    -0.0436516   -0.00302096       0.13313/
    CHEB/    -0.0269557    -0.0707809      0.119747     -0.117164/
    CHEB/     0.0679493     -0.113219     0.0779062     -0.107067/


Energy convention "arbitrary" written to <moleculeList>
 -- Total time elapsed: 450 seconds.

System saved to mesmer_out.xml
