
            /|      /|                        \   
           / |     / | ________________________\  
          /  |    /  |  _   _             _   _   
         /   |   /   | / \ / \ |\     /| / \ / \  
        /    |  /    | \_/ \_  | \   / | \_/ |_/  
       /     | /     | /     \ |  \ /  | /   | \  
    \_/      |/      | \_/ \_/ |   V   | \_/ |  \ 

     Mesmer: Master Equation Solver for Multi-Energy well Reactions
     Mesmer v4.0 compiled: -- Feb 25 2015 -- 18:41:37

     Copyright (C) 2009-2015 by
     Struan H. Robertson, David R. Glowacki, Chi-Hsiu Liang,
     Chris Morley, Michael J. Pilling and contributors

     Mesmer is free software: you can redistribute it and/or modify
     it under the terms of the GNU Public License as published by
     the Free Software Foundation, either version 2 of the License,
     or (at your option) any later version.

     But WITHOUT ANY WARRANTY; without even the implied warranty of
     MERCHANTABILITY or FITNESS FOR A PARTICULAR PURPOSE.  See the
     GNU Public License for more details.

    You should have received a copy of the GNU Public License
    along with Mesmer.  If not, see <http://www.gnu.org/licenses/>.

defaults.xml, librarymols.xml are in ../..

Parsing input xml file...
OH_NO_HONO.xml

In R1: Parsing reaction...Association reaction
In OH: OH copied from ../../librarymols.xml
In OH: The energy convention is thermodynamic, derived from me:Hf298
In OH: energy converted from thermodynamic298K to thermodynamic
In OH: New me:ZPE element written with data from me:Hf298
In NO: NO copied from ../../librarymols.xml
In NO: The default value of me:DOSCMethod was used.
In NO: energy converted from thermodynamic298K to thermodynamic
In NO: New me:ZPE element written with data from me:Hf298
In HONO: Hindered rotor b2 replacing vib freq 543
In HONO: The default attribute(s) were added to the the property me:Hf298
In HONO: energy converted from thermodynamic298K to thermodynamic
In HONO: New me:ZPE element written with data from me:Hf298
In HONO: The default value of me:DistributionCalcMethod was used.
In HONO: HONO:deltaEDown was given a range with 451 steps 
In R1: R1:preExponential was given a range with 82 steps 
In R1: The default value of me:TInfinity was used.
In R1: No tunneling method used for R1
In R1: No crossing method used for R1
In R1: Not a unimolecular reaction: look for excess reactant concentration.
3.2e+21PPCC, 295K at d precision with He
2.3e+21PPCC, 295K at d precision with He
1.6e+21PPCC, 295K at d precision with He
1.2e+21PPCC, 295K at d precision with He
7.6e+20PPCC, 295K at d precision with He
3.4e+20PPCC, 295K at d precision with He
1.7e+20PPCC, 295K at d precision with He
9.6e+19PPCC, 295K at d precision with He
6.57e+16PPCC, 294K at d precision with He
1.64e+17PPCC, 294K at d precision with He
2.63e+17PPCC, 294K at d precision with He
3.28e+17PPCC, 294K at d precision with He
8.5e+17PPCC, 296K at d precision with He
6.57e+16PPCC, 294K at d precision with He
1.64e+17PPCC, 294K at d precision with He
2.63e+17PPCC, 294K at d precision with He
3.28e+17PPCC, 294K at d precision with He
Write metadata 20150225_191738

File: "OH_NO_HONO.xml" successfully parsed.
Main Calculation begins
Execute calcMethod marquardt
Number of grains produced is not equal to that requested
Number of grains requested: 429
Number of grains produced : 167
In FastLaplaceConvolution: 20 values in the FFT convolution routine were replaced by standard convolution
Association ILT calculation completed
Finish Calculation of P-T case

Chi^2 = 219.346 Lambda = 1
HONO:deltaEDown=58  R1:preExponential=6.78e-11  
Association ILT calculation completed
Finish Calculation of P-T case
Association ILT calculation completed
Finish Calculation of P-T case
Association ILT calculation completed
Finish Calculation of P-T case
Association ILT calculation completed
Finish Calculation of P-T case
Association ILT calculation completed
Finish Calculation of P-T case

Chi^2 = 92.0768 Lambda = 0.1
HONO:deltaEDown=69.0048  R1:preExponential=7.63015e-11  
Iteration: 1 of Marquardt. ChiSquare = 92.0768, Lambda = 0.1
Association ILT calculation completed
Finish Calculation of P-T case
Association ILT calculation completed
Finish Calculation of P-T case
Association ILT calculation completed
Finish Calculation of P-T case

Chi^2 = 52.4631 Lambda = 0.01
HONO:deltaEDown=79.8318  R1:preExponential=6.41428e-11  
Iteration: 2 of Marquardt. ChiSquare = 52.4631, Lambda = 0.01
Association ILT calculation completed
Finish Calculation of P-T case
Association ILT calculation completed
Finish Calculation of P-T case
Association ILT calculation completed
Finish Calculation of P-T case

Chi^2 = 51.7403 Lambda = 0.001
HONO:deltaEDown=81.1615  R1:preExponential=6.49323e-11  
Iteration: 3 of Marquardt. ChiSquare = 51.7403, Lambda = 0.001
Association ILT calculation completed
Finish Calculation of P-T case

Chi^2 = 51.7403 Lambda = 0.01
HONO:deltaEDown=81.1615  R1:preExponential=6.49323e-11  
Iteration: 4 of Marquardt. ChiSquare = 51.7403, Lambda = 0.01
Association ILT calculation completed
Finish Calculation of P-T case
Association ILT calculation completed
Finish Calculation of P-T case
Association ILT calculation completed
Finish Calculation of P-T case

Chi^2 = 51.7398 Lambda = 0.001
HONO:deltaEDown=81.1657  R1:preExponential=6.49539e-11  
Iteration: 5 of Marquardt. ChiSquare = 51.7398, Lambda = 0.001
Association ILT calculation completed
Finish Calculation of P-T case

Chi^2 = 51.7398 Lambda = 0.01
HONO:deltaEDown=81.1657  R1:preExponential=6.49539e-11  
Iteration: 6 of Marquardt. ChiSquare = 51.7398, Lambda = 0.01
Association ILT calculation completed
Finish Calculation of P-T case

Chi^2 = 51.7398 Lambda = 0.1
HONO:deltaEDown=81.1657  R1:preExponential=6.49539e-11  
Iteration: 7 of Marquardt. ChiSquare = 51.7398, Lambda = 0.1
Association ILT calculation completed
Finish Calculation of P-T case

Chi^2 = 51.7398 Lambda = 1
HONO:deltaEDown=81.1657  R1:preExponential=6.49539e-11  
Iteration: 8 of Marquardt. ChiSquare = 51.7398, Lambda = 1
Association ILT calculation completed
Finish Calculation of P-T case

Chi^2 = 51.7398 Lambda = 10
HONO:deltaEDown=81.1657  R1:preExponential=6.49539e-11  
Iteration: 9 of Marquardt. ChiSquare = 51.7398, Lambda = 10
Association ILT calculation completed
Finish Calculation of P-T case

Chi^2 = 51.7398 Lambda = 100
HONO:deltaEDown=81.1657  R1:preExponential=6.49539e-11  
Iteration: 10 of Marquardt. ChiSquare = 51.7398, Lambda = 100
PT Grid 0
Number of cells = 21450, Number of grains = 429
Association ILT calculation completed
Build Collison Operator
Diagonalize the Reaction Operator -- Time elapsed: 1 seconds.
PT Grid 1
Build Collison Operator
Diagonalize the Reaction Operator -- Time elapsed: 1 seconds.
PT Grid 2
Build Collison Operator
Diagonalize the Reaction Operator
PT Grid 3
Build Collison Operator -- Time elapsed: 1 seconds.
Diagonalize the Reaction Operator
PT Grid 4
Build Collison Operator
Diagonalize the Reaction Operator -- Time elapsed: 1 seconds.
PT Grid 5
Build Collison Operator
Diagonalize the Reaction Operator -- Time elapsed: 1 seconds.
PT Grid 6
Build Collison Operator
Diagonalize the Reaction Operator -- Time elapsed: 1 seconds.
PT Grid 7
Build Collison Operator
Diagonalize the Reaction Operator
PT Grid 8
Build Collison Operator
Diagonalize the Reaction Operator -- Time elapsed: 1 seconds.
PT Grid 9
Build Collison Operator
Diagonalize the Reaction Operator -- Time elapsed: 1 seconds.
PT Grid 10
Build Collison Operator
Diagonalize the Reaction Operator
PT Grid 11
Build Collison Operator -- Time elapsed: 1 seconds.
Diagonalize the Reaction Operator
PT Grid 12
Build Collison Operator
Diagonalize the Reaction Operator -- Time elapsed: 1 seconds.
PT Grid 13
Build Collison Operator
Diagonalize the Reaction Operator
PT Grid 14
Build Collison Operator -- Time elapsed: 1 seconds.
Diagonalize the Reaction Operator
PT Grid 15
Build Collison Operator
Diagonalize the Reaction Operator -- Time elapsed: 1 seconds.
PT Grid 16
Build Collison Operator
Diagonalize the Reaction Operator

    Temperature  Concentration    Exp. Coeff.    Cal. Coeff.

            295       3.2e+021         310000         398386
            295       2.3e+021         320000         361431
            295       1.6e+021         290000         320571
            295       1.2e+021         290000         288692
            295       7.6e+020         290000         240282
            295       3.4e+020         250000         165546
            295       1.7e+020         200000         114594
            295       9.6e+019         170000        82160.6
            294      6.57e+016            217        262.171
            294      1.64e+017            542        604.802
            294      2.63e+017            867        921.007
            294      3.28e+017           1084        1118.35
            296       8.5e+017           2700        2474.31
            294      6.57e+016            257        262.171
            294      1.64e+017            672        604.802
            294      2.63e+017           1078        921.007
            294      3.28e+017           1345        1118.35

Finish Calculation of P-T case -- Time elapsed: 1 seconds.
17 temperature/concentration-pressure points calculated.

Chi^2 = 51.7398

Best fit parameters:

HONO:deltaEDown = 81.1657 +/- 2.00092
R1:preExponential = 6.49539e-11 +/- 6.06793e-12

Correlation coefficients:

R1:preExponential , HONO:deltaEDown = -0.485899

Goodness of Fit:

Number of degrees of Freedom = 15
Chi^2 probability = 6.23618e-06

Energy convention "thermodynamic" written to <moleculeList>
 -- Total time elapsed: 272 seconds.

System saved to out.xml
