
            /|      /|                        \   
           / |     / | ________________________\  
          /  |    /  |  _   _             _   _   
         /   |   /   | / \ / \ |\     /| / \ / \  
        /    |  /    | \_/ \_  | \   / | \_/ |_/  
       /     | /     | /     \ |  \ /  | /   | \  
    \_/      |/      | \_/ \_/ |   V   | \_/ |  \ 

     Mesmer: Master Equation Solver for Multi-Energy well Reactions
     Mesmer v4.0 compiled: -- Sep  8 2014 -- 11:21:07

     Copyright (C) 2009-2015 by
     Struan H. Robertson, David R. Glowacki, Chi-Hsiu Liang,
     Chris Morley, Michael J. Pilling and contributors

     Mesmer is free software: you can redistribute it and/or modify
     it under the terms of the GNU Public License as published by
     the Free Software Foundation, either version 2 of the License,
     or (at your option) any later version.

     But WITHOUT ANY WARRANTY; without even the implied warranty of
     MERCHANTABILITY or FITNESS FOR A PARTICULAR PURPOSE.  See the
     GNU Public License for more details.

    You should have received a copy of the GNU Public License
    along with Mesmer.  If not, see <http://www.gnu.org/licenses/>.

defaults.xml, librarymols.xml are in ../..

Parsing input xml file...
ipropyl_LM.xml

In R1: Parsing reaction...Irreversible unimolecular reaction
In i-propyl: The default value of me:frequenciesScaleFactor was used.
In i-propyl: Hindered rotor b1
In i-propyl: Hindered rotor b2
In i-propyl: The default value of me:DistributionCalcMethod was used.
In i-propyl: i-propyl:deltaEDown was given a range with 15 steps 
In R1: The default value of me:TInfinity was used.
In propene: The default value of me:frequenciesScaleFactor was used.
In propene: Hindered rotor b1
In propene: propene:ZPE was given a range with 401 steps 
In H: The default value of me:frequenciesScaleFactor was used.
In H: The default value of me:symmetryNumber was used.
In H: The default value of the attribute spinMultiplicity was used.
In H: The default value of me:DOSCMethod was used.
In R1: No tunneling method used for R1
In R1: No crossing method used for R1
All molecules are on the same energy basis: arbitary
The default value of the attribute precision was used.
3e+17PPCC, 720K at d precision with He
The default value of the attribute precision was used.
3.01e+17PPCC, 730K at d precision with He
The default value of the attribute precision was used.
1.8e+17PPCC, 740K at d precision with He
The default value of the attribute precision was used.
2.4e+17PPCC, 740K at d precision with He
The default value of the attribute precision was used.
3e+17PPCC, 740K at d precision with He
The default value of the attribute precision was used.
1.2e+17PPCC, 750K at d precision with He
The default value of the attribute precision was used.
1.8e+17PPCC, 750K at d precision with He
The default value of the attribute precision was used.
2.41e+17PPCC, 750K at d precision with He
The default value of the attribute precision was used.
3e+17PPCC, 750K at d precision with He
The default value of the attribute precision was used.
6.02e+16PPCC, 760K at d precision with He
The default value of the attribute precision was used.
9.02e+16PPCC, 760K at d precision with He
The default value of the attribute precision was used.
1.2e+17PPCC, 760K at d precision with He
The default value of the attribute precision was used.
1.81e+17PPCC, 760K at d precision with He
The default value of the attribute precision was used.
2.4e+17PPCC, 760K at d precision with He
The default value of the attribute precision was used.
3e+17PPCC, 760K at d precision with He
The default value of the attribute precision was used.
6.01e+16PPCC, 770K at d precision with He
The default value of the attribute precision was used.
9e+16PPCC, 770K at d precision with He
The default value of the attribute precision was used.
1.2e+17PPCC, 770K at d precision with He
The default value of the attribute precision was used.
1.8e+17PPCC, 770K at d precision with He
The default value of the attribute precision was used.
2.41e+17PPCC, 770K at d precision with He
The default value of the attribute precision was used.
3e+17PPCC, 770K at d precision with He
The default value of the attribute precision was used.
3e+16PPCC, 780K at d precision with He
The default value of the attribute precision was used.
6.01e+16PPCC, 780K at d precision with He
The default value of the attribute precision was used.
9e+16PPCC, 780K at d precision with He
The default value of the attribute precision was used.
1.2e+17PPCC, 780K at d precision with He
The default value of the attribute precision was used.
1.8e+17PPCC, 780K at d precision with He
The default value of the attribute precision was used.
2.4e+17PPCC, 780K at d precision with He
The default value of the attribute precision was used.
3e+17PPCC, 780K at d precision with He
The default value of the attribute precision was used.
3e+16PPCC, 790K at d precision with He
The default value of the attribute precision was used.
6.01e+16PPCC, 790K at d precision with He
The default value of the attribute precision was used.
9e+16PPCC, 790K at d precision with He
The default value of the attribute precision was used.
1.2e+17PPCC, 790K at d precision with He
The default value of the attribute precision was used.
1.8e+17PPCC, 790K at d precision with He
The default value of the attribute precision was used.
2.4e+17PPCC, 790K at d precision with He
The default value of the attribute precision was used.
3e+17PPCC, 790K at d precision with He
The default value of the attribute precision was used.
3e+16PPCC, 800K at d precision with He
The default value of the attribute precision was used.
6.01e+16PPCC, 800K at d precision with He
The default value of the attribute precision was used.
9e+16PPCC, 800K at d precision with He
The default value of the attribute precision was used.
1.21e+17PPCC, 800K at d precision with He
The default value of the attribute precision was used.
1.8e+17PPCC, 800K at d precision with He
The default value of the attribute precision was used.
2.4e+17PPCC, 800K at d precision with He
The default value of the attribute precision was used.
3e+17PPCC, 800K at d precision with He
The default value of the attribute precision was used.
3e+16PPCC, 810K at d precision with He
The default value of the attribute precision was used.
6e+16PPCC, 810K at d precision with He
The default value of the attribute precision was used.
9e+16PPCC, 810K at d precision with He
The default value of the attribute precision was used.
1.21e+17PPCC, 810K at d precision with He
The default value of the attribute precision was used.
1.81e+17PPCC, 810K at d precision with He
The default value of the attribute precision was used.
2.4e+17PPCC, 810K at d precision with He
The default value of the attribute precision was used.
3e+17PPCC, 810K at d precision with He
The default value of the attribute precision was used.
3e+16PPCC, 820K at d precision with He
The default value of the attribute precision was used.
6.01e+16PPCC, 820K at d precision with He
The default value of the attribute precision was used.
9.01e+16PPCC, 820K at d precision with He
The default value of the attribute precision was used.
1.21e+17PPCC, 820K at d precision with He
The default value of the attribute precision was used.
1.8e+17PPCC, 820K at d precision with He
The default value of the attribute precision was used.
2.4e+17PPCC, 820K at d precision with He
The default value of the attribute precision was used.
3e+17PPCC, 820K at d precision with He
The default value of the attribute precision was used.
3e+16PPCC, 830K at d precision with He
The default value of the attribute precision was used.
6e+16PPCC, 830K at d precision with He
The default value of the attribute precision was used.
9e+16PPCC, 830K at d precision with He
The default value of the attribute precision was used.
1.2e+17PPCC, 830K at d precision with He
The default value of the attribute precision was used.
1.8e+17PPCC, 830K at d precision with He
The default value of the attribute precision was used.
3.01e+16PPCC, 840K at d precision with He
The default value of the attribute precision was used.
6e+16PPCC, 840K at d precision with He
The default value of the attribute precision was used.
9e+16PPCC, 840K at d precision with He
The default value of the attribute precision was used.
1.2e+17PPCC, 840K at d precision with He
The default value of the attribute precision was used.
3e+16PPCC, 850K at d precision with He
The default value of the attribute precision was used.
6e+16PPCC, 850K at d precision with He
The default value of the attribute precision was used.
3.01e+16PPCC, 860K at d precision with He
The default value of the attribute precision was used.
6.03e+16PPCC, 860K at d precision with He
The default value of the attribute precision was used.
3.01e+16PPCC, 870K at d precision with He
The default value of the attribute precision was used.
3e+16PPCC, 880K at d precision with He
Write metadata 20140908_114119

File: "ipropyl_LM.xml" successfully parsed.
Main Calculation begins
Execute calcMethod marquardt
Number of grains produced is not equal to that requested
Number of grains requested: 197
Number of grains produced : 1
In FastLaplaceConvolution: 120 values in the FFT convolution routine were replaced by standard convolution
Unimolecular ILT calculation completed
Finish Calculation of P-T case

Chi^2 = 49.0573 Lambda = 1
i-propyl:deltaEDown=190  propene:ZPE=13000  
Unimolecular ILT calculation completed
Finish Calculation of P-T case
Unimolecular ILT calculation completed
Finish Calculation of P-T case
Unimolecular ILT calculation completed
Finish Calculation of P-T case
Unimolecular ILT calculation completed
Finish Calculation of P-T case
Unimolecular ILT calculation completed
Finish Calculation of P-T case

Chi^2 = 43.7223 Lambda = 0.1
i-propyl:deltaEDown=189.638  propene:ZPE=13014  
Iteration: 1 of Marquardt. ChiSquare = 43.7223, Lambda = 0.1
Number of grains requested: 198
Unimolecular ILT calculation completed
Finish Calculation of P-T case
Unimolecular ILT calculation completed
Finish Calculation of P-T case
Unimolecular ILT calculation completed
Finish Calculation of P-T case

Chi^2 = 34.473 Lambda = 0.01
i-propyl:deltaEDown=199.154  propene:ZPE=13065.3  
Iteration: 2 of Marquardt. ChiSquare = 34.473, Lambda = 0.01
Number of grains requested: 199
Unimolecular ILT calculation completed
Finish Calculation of P-T case
Unimolecular ILT calculation completed
Finish Calculation of P-T case
Number of grains requested: 200
Unimolecular ILT calculation completed
Finish Calculation of P-T case

Chi^2 = 19.7359 Lambda = 0.001
i-propyl:deltaEDown=237.717  propene:ZPE=13233.9  
Iteration: 3 of Marquardt. ChiSquare = 19.7359, Lambda = 0.001
Unimolecular ILT calculation completed
Finish Calculation of P-T case
Unimolecular ILT calculation completed
Finish Calculation of P-T case
Unimolecular ILT calculation completed
Finish Calculation of P-T case

Chi^2 = 11.6816 Lambda = 0.0001
i-propyl:deltaEDown=266.823  propene:ZPE=13303.9  
Iteration: 4 of Marquardt. ChiSquare = 11.6816, Lambda = 0.0001
Unimolecular ILT calculation completed
Finish Calculation of P-T case
Unimolecular ILT calculation completed
Finish Calculation of P-T case
Unimolecular ILT calculation completed
Finish Calculation of P-T case

Chi^2 = 11.4961 Lambda = 1e-05
i-propyl:deltaEDown=269.978  propene:ZPE=13308.5  
Iteration: 5 of Marquardt. ChiSquare = 11.4961, Lambda = 1e-05
Unimolecular ILT calculation completed
Finish Calculation of P-T case
Unimolecular ILT calculation completed
Finish Calculation of P-T case
Unimolecular ILT calculation completed
Finish Calculation of P-T case

Chi^2 = 11.4951 Lambda = 1e-06
i-propyl:deltaEDown=270.062  propene:ZPE=13308.4  
Iteration: 6 of Marquardt. ChiSquare = 11.4951, Lambda = 1e-06
PT Grid 0
Number of cells = 20000, Number of grains = 200
Unimolecular ILT calculation completed
Build Collison Operator
Diagonalize the Reaction Operator
PT Grid 1
Build Collison Operator
Diagonalize the Reaction Operator
PT Grid 2
Build Collison Operator
Diagonalize the Reaction Operator
PT Grid 3
Build Collison Operator
Diagonalize the Reaction Operator
PT Grid 4
Build Collison Operator
Diagonalize the Reaction Operator
PT Grid 5
Build Collison Operator
Diagonalize the Reaction Operator
PT Grid 6
Build Collison Operator
Diagonalize the Reaction Operator -- Time elapsed: 1 seconds.
PT Grid 7
Build Collison Operator
Diagonalize the Reaction Operator
PT Grid 8
Build Collison Operator
Diagonalize the Reaction Operator
PT Grid 9
Build Collison Operator
Diagonalize the Reaction Operator
PT Grid 10
Build Collison Operator
Diagonalize the Reaction Operator
PT Grid 11
Build Collison Operator
Diagonalize the Reaction Operator
PT Grid 12
Build Collison Operator
Diagonalize the Reaction Operator
PT Grid 13
Build Collison Operator
Diagonalize the Reaction Operator
PT Grid 14
Build Collison Operator
Diagonalize the Reaction Operator
PT Grid 15
Build Collison Operator
Diagonalize the Reaction Operator
PT Grid 16
Build Collison Operator
Diagonalize the Reaction Operator
PT Grid 17
Build Collison Operator
Diagonalize the Reaction Operator
PT Grid 18
Build Collison Operator
Diagonalize the Reaction Operator
PT Grid 19
Build Collison Operator
Diagonalize the Reaction Operator
PT Grid 20
Build Collison Operator -- Time elapsed: 1 seconds.
Diagonalize the Reaction Operator
PT Grid 21
Build Collison Operator
Diagonalize the Reaction Operator
PT Grid 22
Build Collison Operator
Diagonalize the Reaction Operator
PT Grid 23
Build Collison Operator
Diagonalize the Reaction Operator
PT Grid 24
Build Collison Operator
Diagonalize the Reaction Operator
PT Grid 25
Build Collison Operator
Diagonalize the Reaction Operator
PT Grid 26
Build Collison Operator
Diagonalize the Reaction Operator
PT Grid 27
Build Collison Operator
Diagonalize the Reaction Operator
PT Grid 28
Build Collison Operator
Diagonalize the Reaction Operator
PT Grid 29
Build Collison Operator
Diagonalize the Reaction Operator
PT Grid 30
Build Collison Operator
Diagonalize the Reaction Operator
PT Grid 31
Build Collison Operator
Diagonalize the Reaction Operator
PT Grid 32
Build Collison Operator
Diagonalize the Reaction Operator
PT Grid 33
Build Collison Operator -- Time elapsed: 1 seconds.
Diagonalize the Reaction Operator
PT Grid 34
Build Collison Operator
Diagonalize the Reaction Operator
PT Grid 35
Build Collison Operator
Diagonalize the Reaction Operator
PT Grid 36
Build Collison Operator
Diagonalize the Reaction Operator
PT Grid 37
Build Collison Operator
Diagonalize the Reaction Operator
PT Grid 38
Build Collison Operator
Diagonalize the Reaction Operator
PT Grid 39
Build Collison Operator
Diagonalize the Reaction Operator
PT Grid 40
Build Collison Operator
Diagonalize the Reaction Operator
PT Grid 41
Build Collison Operator
Diagonalize the Reaction Operator
PT Grid 42
Build Collison Operator
Diagonalize the Reaction Operator
PT Grid 43
Build Collison Operator
Diagonalize the Reaction Operator
PT Grid 44
Build Collison Operator
Diagonalize the Reaction Operator
PT Grid 45
Build Collison Operator
Diagonalize the Reaction Operator
PT Grid 46
Build Collison Operator -- Time elapsed: 1 seconds.
Diagonalize the Reaction Operator
PT Grid 47
Build Collison Operator
Diagonalize the Reaction Operator
PT Grid 48
Build Collison Operator
Diagonalize the Reaction Operator
PT Grid 49
Build Collison Operator
Diagonalize the Reaction Operator
PT Grid 50
Build Collison Operator
Diagonalize the Reaction Operator
PT Grid 51
Build Collison Operator
Diagonalize the Reaction Operator
PT Grid 52
Build Collison Operator
Diagonalize the Reaction Operator
PT Grid 53
Build Collison Operator
Diagonalize the Reaction Operator
PT Grid 54
Build Collison Operator
Diagonalize the Reaction Operator
PT Grid 55
Build Collison Operator
Diagonalize the Reaction Operator
PT Grid 56
Build Collison Operator
Diagonalize the Reaction Operator
PT Grid 57
Build Collison Operator
Diagonalize the Reaction Operator
PT Grid 58
Build Collison Operator
Diagonalize the Reaction Operator
PT Grid 59
Build Collison Operator
Diagonalize the Reaction Operator -- Time elapsed: 1 seconds.
PT Grid 60
Build Collison Operator
Diagonalize the Reaction Operator
PT Grid 61
Build Collison Operator
Diagonalize the Reaction Operator
PT Grid 62
Build Collison Operator
Diagonalize the Reaction Operator
PT Grid 63
Build Collison Operator
Diagonalize the Reaction Operator
PT Grid 64
Build Collison Operator
Diagonalize the Reaction Operator
PT Grid 65
Build Collison Operator
Diagonalize the Reaction Operator
PT Grid 66
Build Collison Operator
Diagonalize the Reaction Operator
PT Grid 67
Build Collison Operator
Diagonalize the Reaction Operator
PT Grid 68
Build Collison Operator
Diagonalize the Reaction Operator
PT Grid 69
Build Collison Operator
Diagonalize the Reaction Operator
PT Grid 70
Build Collison Operator
Diagonalize the Reaction Operator

    Temperature  Concentration    Exp. Coeff.    Cal. Coeff.

            720         3e+017           41.5        35.8354
            730      3.01e+017           51.1        49.7544
            740       1.8e+017           55.5        54.2964
            740       2.4e+017           70.1        61.8358
            740         3e+017           71.1        68.1125
            750       1.2e+017           55.3        60.1259
            750       1.8e+017           67.2        73.2448
            750      2.41e+017           86.4         83.815
            750         3e+017            102        92.3604
            760      6.02e+016           51.9        55.3207
            760      9.02e+016           65.7        68.9151
            760       1.2e+017           76.5        79.9503
            760      1.81e+017             95         98.042
            760       2.4e+017            123        112.003
            760         3e+017            128        123.934
            770      6.01e+016           68.9        72.3015
            770         9e+016           89.2        90.3766
            770       1.2e+017             99        105.255
            770       1.8e+017            121        129.232
            770      2.41e+017            159        148.741
            770         3e+017            164        164.631
            780         3e+016           65.5        61.9228
            780      6.01e+016           89.1        93.6862
            780         9e+016            114        117.531
            780       1.2e+017            125        137.244
            780       1.8e+017            165        169.158
            780       2.4e+017            203        194.858
            780         3e+017            213        216.577
            790         3e+016             77        79.0484
            790      6.01e+016            119        120.289
            790         9e+016            154        151.443
            790       1.2e+017            170        177.307
            790       1.8e+017            219        219.369
            790       2.4e+017            258        253.399
            790         3e+017            288        282.259
            800         3e+016           96.1        100.034
            800      6.01e+016            147        153.092
            800         9e+016            199        193.417
            800      1.21e+017          223.5        228.068
            800       1.8e+017            302        281.949
            800       2.4e+017            341        326.579
            800         3e+017            350         364.56
            810         3e+016            124        125.534
            810         6e+016            185        193.001
            810         9e+016            248        244.925
            810      1.21e+017            274         289.56
            810      1.81e+017            379        360.323
            810       2.4e+017            402        417.261
            810         3e+017            492        466.784
            820         3e+016            160        156.268
            820      6.01e+016            239        241.816
            820      9.01e+016            320        307.808
            820      1.21e+017            363        364.605
            820       1.8e+017            447        453.997
            820       2.4e+017            554        528.689
            820         3e+017            549        592.685
            830         3e+016            189         193.02
            830         6e+016            287        299.996
            830         9e+016            375        383.286
            830       1.2e+017            447        453.295
            830       1.8e+017            570        569.124
            840      3.01e+016            252         237.16
            840         6e+016            349        369.738
            840         9e+016            471        473.949
            840       1.2e+017            559        561.879
            850         3e+016            314         288.03
            850         6e+016            444        452.378
            860      3.01e+016            378        348.946
            860      6.03e+016            535        551.366
            870      3.01e+016            436        418.995
            880         3e+016            535        498.736

Finish Calculation of P-T case
71 temperature/concentration-pressure points calculated.

Chi^2 = 11.4951

Best fit parameters:

i-propyl:deltaEDown = 270.062 +/- 17.1759
propene:ZPE = 13308.4 +/- 49.449

Correlation coefficients:

propene:ZPE , i-propyl:deltaEDown = 0.97689

Goodness of Fit:

Number of degrees of Freedom = 69
Chi^2 probability = 1

 -- Total time elapsed: 122 seconds.

System saved to out.xml
