
            /|      /|                        \   
           / |     / | ________________________\  
          /  |    /  |  _   _             _   _   
         /   |   /   | / \ / \ |\     /| / \ / \  
        /    |  /    | \_/ \_  | \   / | \_/ |_/  
       /     | /     | /     \ |  \ /  | /   | \  
    \_/      |/      | \_/ \_/ |   V   | \_/ |  \ 

     Mesmer: Master Equation Solver for Multi-Energy well Reactions
     Mesmer v4.0 compiled: -- May  6 2015 -- 18:15:22

     Copyright (C) 2009-2015 by
     Struan H. Robertson, David R. Glowacki, Chi-Hsiu Liang,
     Chris Morley, Michael J. Pilling and contributors

     Mesmer is free software: you can redistribute it and/or modify
     it under the terms of the GNU Public License as published by
     the Free Software Foundation, either version 2 of the License,
     or (at your option) any later version.

     But WITHOUT ANY WARRANTY; without even the implied warranty of
     MERCHANTABILITY or FITNESS FOR A PARTICULAR PURPOSE.  See the
     GNU Public License for more details.

    You should have received a copy of the GNU Public License
    along with Mesmer.  If not, see <http://www.gnu.org/licenses/>.

defaults.xml, librarymols.xml are in ../..

Parsing input xml file...
HSO2_test.xml

The default value of me:calcMethod was used.
In R1: Parsing reaction...Association reaction
In H: The default value of me:DOSCMethod was used.
In SO2: The default value of the attribute spinMultiplicity was used.
In HSO2: The default value of me:DistributionCalcMethod was used.
In R1: No imaginary vibrational frequency. Check if there is tunneling.
No tunneling method used for R1
In R1: No crossing method used for R1
In R1: Not a unimolecular reaction: look for excess reactant concentration.
1e+008Torr, 200K at double precision with Ar
1e+008Torr, 200K at dd precision with Ar
1e+008Torr, 200K at qd precision with Ar
Write metadata 20150506_181706

File: "HSO2_test.xml" successfully parsed.
Main Calculation begins
Execute calcMethod simpleCalc
PT Grid 0
Number of cells = 10000, Number of grains = 92
Number of grains produced is not equal to that requested
Number of grains requested: 92
Number of grains produced : 1
Build Collison Operator
Diagonalize the Reaction Operator
PT Grid 1
Build Collison Operator
Diagonalize the Reaction Operator
PT Grid 2
Build Collison Operator
Diagonalize the Reaction Operator -- Time elapsed: 2 seconds.

    Temperature  Concentration    Exp. Coeff.    Cal. Coeff.

            200   4.82825e+024            200   4.82825e+024            200   4.82825e+024
Finish Calculation of P-T case
3 temperature/concentration-pressure points calculated.
Energy convention "arbitrary" written to <moleculeList>
 -- Total time elapsed: 2 seconds.

System saved to out.xml
