
            /|      /|                        \   
           / |     / | ________________________\  
          /  |    /  |  _   _             _   _   
         /   |   /   | / \ / \ |\     /| / \ / \  
        /    |  /    | \_/ \_  | \   / | \_/ |_/  
       /     | /     | /     \ |  \ /  | /   | \  
    \_/      |/      | \_/ \_/ |   V   | \_/ |  \ 

     Mesmer: Master Equation Solver for Multi-Energy well Reactions
     Mesmer v4.0 compiled: -- May  5 2015 -- 17:43:21

     Copyright (C) 2009-2015 by
     Struan H. Robertson, David R. Glowacki, Chi-Hsiu Liang,
     Chris Morley, Michael J. Pilling and contributors

     Mesmer is free software: you can redistribute it and/or modify
     it under the terms of the GNU Public License as published by
     the Free Software Foundation, either version 2 of the License,
     or (at your option) any later version.

     But WITHOUT ANY WARRANTY; without even the implied warranty of
     MERCHANTABILITY or FITNESS FOR A PARTICULAR PURPOSE.  See the
     GNU Public License for more details.

    You should have received a copy of the GNU Public License
    along with Mesmer.  If not, see <http://www.gnu.org/licenses/>.

defaults.xml, librarymols.xml are in ../..

Parsing input xml file...
ipropyl_SA.xml

In R1: Parsing reaction...Irreversible unimolecular reaction
In i-propyl: Hindered rotor b1
In i-propyl: Hindered rotor b2
In i-propyl: i-propyl:deltaEDown was given a range with 3 steps 
In i-propyl: i-propyl:deltaEDownTExponent was given a range with 401 steps 
In propene: Hindered rotor b1
In propene: propene:ZPE was given a range with 401 steps 
In R1: No tunneling method used for R1
In R1: No crossing method used for R1
3e+17PPCC, 720K at d precision with He
3e+16PPCC, 880K at d precision with He
Write metadata 20150505_203144

File: "ipropyl_SA.xml" successfully parsed.
Main Calculation begins
Execute calcMethod SensitivityAnalysis
Number of grains produced is not equal to that requested
Number of grains requested: 239
Number of grains produced : 1
In FastLaplaceConvolution: 340 values in the FFT convolution routine were replaced by standard convolution
Number of grains requested: 240
In FastLaplaceConvolution: 460 values in the FFT convolution routine were replaced by standard convolution
Number of grains requested: 238
In i-propyl: Delta E down is smaller than grain size: the solution may not converge.
Number of grains requested: 237
Number of grains requested: 241
In FastLaplaceConvolution: 420 values in the FFT convolution routine were replaced by standard convolution
Number of grains requested: 236
Number of grains requested: 242
In FastLaplaceConvolution: 360 values in the FFT convolution routine were replaced by standard convolution
Number of grains requested: 261
In FastLaplaceConvolution: 640 values in the FFT convolution routine were replaced by standard convolution
Number of grains requested: 260
Number of grains requested: 259
Number of grains requested: 262
In FastLaplaceConvolution: 700 values in the FFT convolution routine were replaced by standard convolution
Number of grains requested: 258
Number of grains requested: 263
In FastLaplaceConvolution: 600 values in the FFT convolution routine were replaced by standard convolution
Number of grains requested: 264
In FastLaplaceConvolution: 620 values in the FFT convolution routine were replaced by standard convolution
Energy convention "arbitrary" written to <moleculeList>
 -- Total time elapsed: 118 seconds.

System saved to mesmer_out.xml
