
            /|      /|                        \   
           / |     / | ________________________\  
          /  |    /  |  _   _             _   _   
         /   |   /   | / \ / \ |\     /| / \ / \  
        /    |  /    | \_/ \_  | \   / | \_/ |_/  
       /     | /     | /     \ |  \ /  | /   | \  
    \_/      |/      | \_/ \_/ |   V   | \_/ |  \ 

     Mesmer: Master Equation Solver for Multi-Energy well Reactions
     Mesmer v4.0 compiled: -- Sep  8 2014 -- 11:21:07

     Copyright (C) 2009-2015 by
     Struan H. Robertson, David R. Glowacki, Chi-Hsiu Liang,
     Chris Morley, Michael J. Pilling and contributors

     Mesmer is free software: you can redistribute it and/or modify
     it under the terms of the GNU Public License as published by
     the Free Software Foundation, either version 2 of the License,
     or (at your option) any later version.

     But WITHOUT ANY WARRANTY; without even the implied warranty of
     MERCHANTABILITY or FITNESS FOR A PARTICULAR PURPOSE.  See the
     GNU Public License for more details.

    You should have received a copy of the GNU Public License
    along with Mesmer.  If not, see <http://www.gnu.org/licenses/>.

defaults.xml, librarymols.xml are in ../..

Parsing input xml file...
pentyl_isomerization_test.xml

The default value of me:calcMethod was used.
In R1: Parsing reaction...Isomerization reaction
In 1-pentyl: The default value of me:frequenciesScaleFactor was used.
In 1-pentyl: The default value of me:DOSCMethod was used.
In 1-pentyl: The default value of me:DistributionCalcMethod was used.
In 2-pentyl: The default value of me:frequenciesScaleFactor was used.
In 2-pentyl: The default value of me:DOSCMethod was used.
In 2-pentyl: The default value of me:DistributionCalcMethod was used.
In 1-pentyl=TS=2-pentyl: No imaginary vibrational frequency. Check if there is tunneling.
The default value of me:frequenciesScaleFactor was used.
In 1-pentyl=TS=2-pentyl: The default value of me:DOSCMethod was used.
In R1: No tunneling method used for R1
In R1: No crossing method used for R1
All molecules are on the same energy basis: arbitary
The default value of the attribute precision was used.
1e+08PPCC, 500K at d precision with Ar
Write metadata 20140908_113355

File: "pentyl_isomerization_test.xml" successfully parsed.
Main Calculation begins
Execute calcMethod simpleCalc
PT Grid 0
Number of cells = 16050, Number of grains = 107
Build Collison Operator
Diagonalize the Reaction Operator
In timeEvolution: No population was assigned, and there is no source term.
In timeEvolution: Initial poupulation set to 1.0  in the first isomer.

    Temperature  Concentration    Exp. Coeff.    Cal. Coeff.

            500         1e+008
Finish Calculation of P-T case
1 temperature/concentration-pressure points calculated.
 -- Total time elapsed: 0 seconds.

System saved to out.xml
