
            /|      /|                        \   
           / |     / | ________________________\  
          /  |    /  |  _   _             _   _   
         /   |   /   | / \ / \ |\     /| / \ / \  
        /    |  /    | \_/ \_  | \   / | \_/ |_/  
       /     | /     | /     \ |  \ /  | /   | \  
    \_/      |/      | \_/ \_/ |   V   | \_/ |  \ 

     Mesmer: Master Equation Solver for Multi-Energy well Reactions
     Mesmer v4.0 compiled: -- Sep  8 2014 -- 11:21:07

     Copyright (C) 2009-2015 by
     Struan H. Robertson, David R. Glowacki, Chi-Hsiu Liang,
     Chris Morley, Michael J. Pilling and contributors

     Mesmer is free software: you can redistribute it and/or modify
     it under the terms of the GNU Public License as published by
     the Free Software Foundation, either version 2 of the License,
     or (at your option) any later version.

     But WITHOUT ANY WARRANTY; without even the implied warranty of
     MERCHANTABILITY or FITNESS FOR A PARTICULAR PURPOSE.  See the
     GNU Public License for more details.

    You should have received a copy of the GNU Public License
    along with Mesmer.  If not, see <http://www.gnu.org/licenses/>.

defaults.xml, librarymols.xml are in ../..

Parsing input xml file...
Chebyshev.xml

In R1: Parsing reaction...Association reaction
In CH3OCH2: The default value of me:DOSCMethod was used.
In CH3OCH2: Hindered rotor b5
In CH3OCH2: Hindered rotor b4
In IM1: Hindered rotor b5
In IM1: Hindered rotor b4
In IM1: Hindered rotor b8
In IM1: The default value of me:DistributionCalcMethod was used.
In R1: The default value of me:TInfinity was used.
In R1: No tunneling method used for R1
In R1: No crossing method used for R1
In R1: Not a unimolecular reaction: look for excess reactant concentration.
In R2: Parsing reaction...Isomerization reaction
In IM2: Hindered rotor b1
In IM2: Hindered rotor b2
In IM2: Hindered rotor b3
In IM2: Hindered rotor b4
In IM2: The default value of me:DistributionCalcMethod was used.
In R2: No crossing method used for R2
In R3: Parsing reaction...Irreversible unimolecular reaction
In CH2O: Could not find CH2O in ../../librarymols.xml
In TS5: The default value of me:frequenciesScaleFactor was used.
In TS5: The default value of me:DOSCMethod was used.
In TS5: Hindered rotor b1
In TS5: Hindered rotor b2
In TS5: Hindered rotor b3
In R3: No tunneling method used for R3
In R3: No crossing method used for R3
In R4: Parsing reaction...Irreversible unimolecular reaction
In R4: No tunneling method used for R4
In R4: No crossing method used for R4
In R5: Parsing reaction...Irreversible unimolecular reaction
In cycCH2OCH2O: Could not find cycCH2OCH2O in ../../librarymols.xml
In R5: No tunneling method used for R5
In R5: No crossing method used for R5
All molecules are on the same energy basis: arbitary
No pressure and temperature specified.
Write metadata 20140908_124626

File: "Chebyshev.xml" successfully parsed.
Main Calculation begins
Execute calcMethod analyticalRepresentation

Bath gas is He
In FastLaplaceConvolution: 740 values in the FFT convolution routine were replaced by standard convolution
In FastLaplaceConvolution: 760 values in the FFT convolution routine were replaced by standard convolution
Association ILT calculation completed
In FastLaplaceConvolution: 3920 values in the FFT convolution routine were replaced by standard convolution
units(length = 'cm', quantity = 'molecule')

chebyshev_reaction('CH3OCH2 + O2 => IM1',
                   Tmin=   200, Tmax=  1000,
                   Pmin=( 1e+17, 'PPCC'), Pmax=( 1e+20, 'PPCC'), 
                   coeffs=[[      -12.0138,       1.10382,     -0.360022,     0.0813573],
                           [       1.10797,        -0.653,     0.0124549,     0.0505802],
                           [     -0.415204,      0.129659,     0.0887347,    -0.0385289],
                           [      0.138239,     0.0510849,    -0.0799835,     0.0260833],
                           [    -0.0300231,    -0.0765706,     0.0498518,     -0.017667],
                           [    -0.0016478,     0.0520442,    -0.0244548,     0.0101918]])

chebyshev_reaction('CH3OCH2 + O2 => IM2',
                   Tmin=   200, Tmax=  1000,
                   Pmin=( 1e+17, 'PPCC'), Pmax=( 1e+20, 'PPCC'), 
                   coeffs=[[      -13.3365,      0.908235,     -0.525131,    0.00477795],
                           [      0.708744,     -0.358481,      -0.18616,     0.0568016],
                           [      -0.42527,      0.256944,    -0.0330635,     0.0218406],
                           [      0.259103,     -0.164429,     0.0249037,    0.00777781],
                           [    -0.0981745,     0.0128447,     0.0438058,    -0.0232909],
                           [     0.0317621,     0.0216914,    -0.0314844,   -0.00424638]])

chebyshev_reaction('CH3OCH2 + O2 => OH-1 + CH2O + CH2O',
                   Tmin=   200, Tmax=  1000,
                   Pmin=( 1e+17, 'PPCC'), Pmax=( 1e+20, 'PPCC'), 
                   coeffs=[[      -12.0035,     -0.940903,     -0.263274,   -0.00427808],
                           [     0.0159121,     -0.768331,     -0.151618,     0.0212986],
                           [      -0.15901,      0.133529,     0.0600055,    0.00264757],
                           [      0.104942,    0.00558542,    -0.0130631,   -0.00504831],
                           [    -0.0448531,    -0.0158642,  -0.000240498,    0.00302264],
                           [     0.0152782,    0.00824918,    0.00197601,   -0.00108441]])

chebyshev_reaction('CH3OCH2 + O2 => OH-2 + CH2O + CH2O',
                   Tmin=   200, Tmax=  1000,
                   Pmin=( 1e+17, 'PPCC'), Pmax=( 1e+20, 'PPCC'), 
                   coeffs=[[      -17.3313,      -0.75453,     -0.207391,    -0.0134407],
                           [         -1.16,     -0.710423,     -0.153675,    0.00624346],
                           [    -0.0241841,      0.068428,      0.046193,    0.00845451],
                           [      0.056188,     0.0246903,   -0.00336155,   -0.00567992],
                           [    -0.0221413,    -0.0171739,    -0.0046413,    0.00149177],
                           [    0.00541563,    0.00619422,    0.00323535,   0.000332644]])

chebyshev_reaction('CH3OCH2 + O2 => OH-3 + cycCH2OCH2O',
                   Tmin=   200, Tmax=  1000,
                   Pmin=( 1e+17, 'PPCC'), Pmax=( 1e+20, 'PPCC'), 
                   coeffs=[[      -18.0175,      -0.71785,     -0.205866,    -0.0148279],
                           [      -1.30566,     -0.676438,     -0.155315,    0.00476236],
                           [     -0.033662,     0.0663271,     0.0446963,    0.00894708],
                           [     0.0543313,     0.0242682,   -0.00256649,   -0.00562685],
                           [    -0.0213951,    -0.0168094,   -0.00483177,    0.00128582],
                           [    0.00525956,    0.00594087,    0.00318949,   0.000428548]])

chebyshev_reaction('IM1 => CH3OCH2 + O2',
                   Tmin=   200, Tmax=  1000,
                   Pmin=( 1e+17, 'PPCC'), Pmax=( 1e+20, 'PPCC'), 
                   coeffs=[[      -8.47365,       1.10382,     -0.360022,     0.0813573],
                           [      -14.1833,        -0.653,     0.0124549,     0.0505802],
                           [     -0.460002,      0.129659,     0.0887347,    -0.0385289],
                           [      0.165973,     0.0510849,    -0.0799835,     0.0260833],
                           [    -0.0409381,    -0.0765706,     0.0498518,     -0.017667],
                           [    0.00159032,     0.0520442,    -0.0244548,     0.0101918]])

chebyshev_reaction('IM1 => IM2',
                   Tmin=   200, Tmax=  1000,
                   Pmin=( 1e+17, 'PPCC'), Pmax=( 1e+20, 'PPCC'), 
                   coeffs=[[     -0.238116,      0.371858,    -0.0935704,    0.00182959],
                           [      -5.80873,     -0.539727,      0.108257,     0.0124947],
                           [    -0.0010798,        0.2443,    -0.0175542,    -0.0182349],
                           [      0.108308,    -0.0626233,    -0.0220103,      0.011677],
                           [    -0.0560689,     -0.013499,     0.0299246,   -0.00355339],
                           [     0.0108289,     0.0337286,    -0.0249326,     -0.002467]])

chebyshev_reaction('IM1 => OH-1 + CH2O + CH2O',
                   Tmin=   200, Tmax=  1000,
                   Pmin=( 1e+17, 'PPCC'), Pmax=( 1e+20, 'PPCC'), 
                   coeffs=[[      -5.07714,     -0.203764,     -0.239641,   -0.00164664],
                           [      -11.4699,     -0.788802,    -0.0449367,     0.0162346],
                           [     -0.365427,      0.225138,      0.044798,   -0.00186547],
                           [      0.219964,    -0.0128073,    -0.0264625,    0.00863072],
                           [    -0.0796055,    -0.0161367,    0.00283301,   0.000203308],
                           [     0.0235132,   -0.00472346,     0.0176778,    -0.0144162]])

chebyshev_reaction('IM1 => OH-2 + CH2O + CH2O',
                   Tmin=   200, Tmax=  1000,
                   Pmin=( 1e+17, 'PPCC'), Pmax=( 1e+20, 'PPCC'), 
                   coeffs=[[      -13.6776,       1.43038,     -0.460073,     0.0337504],
                           [      -14.4428,      -0.48285,     -0.120615,     0.0426724],
                           [     -0.469229,      0.299348,       0.14415,    -0.0538998],
                           [      0.249426,      0.300556,    -0.0654128,     0.0823786],
                           [     0.0309841,      0.110174,       0.10706,    0.00930602],
                           [     0.0565863,      0.194256,     0.0322074,      0.033117]])

chebyshev_reaction('IM1 => OH-3 + cycCH2OCH2O',
                   Tmin=   200, Tmax=  1000,
                   Pmin=( 1e+17, 'PPCC'), Pmax=( 1e+20, 'PPCC'), 
                   coeffs=[[      -14.5723,       1.57517,     -0.527878,    0.00782373],
                           [      -14.6296,     -0.473981,     -0.210754,   -0.00324085],
                           [     -0.366999,      0.211746,      0.128028,     -0.119285],
                           [      0.335311,      0.305387,      -0.10684,     0.0611662],
                           [      0.139643,     0.0752409,      0.124942,    -0.0118778],
                           [      0.120168,      0.215375,     0.0288557,     0.0393555]])

chebyshev_reaction('IM2 => CH3OCH2 + O2',
                   Tmin=   200, Tmax=  1000,
                   Pmin=( 1e+17, 'PPCC'), Pmax=( 1e+20, 'PPCC'), 
                   coeffs=[[      -3.75669,      0.908235,     -0.525131,    0.00477795],
                           [      -9.88357,     -0.358481,      -0.18616,     0.0568016],
                           [     -0.605381,      0.256944,    -0.0330635,     0.0218406],
                           [      0.315375,     -0.164429,     0.0249037,    0.00777781],
                           [     -0.113889,     0.0128447,     0.0438058,    -0.0232909],
                           [     0.0356725,     0.0216914,    -0.0314844,   -0.00424638]])

chebyshev_reaction('IM2 => IM1',
                   Tmin=   200, Tmax=  1000,
                   Pmin=( 1e+17, 'PPCC'), Pmax=( 1e+20, 'PPCC'), 
                   coeffs=[[       5.80154,      0.371858,    -0.0935704,    0.00182959],
                           [      -1.10979,     -0.539727,      0.108257,     0.0124947],
                           [     -0.136392,        0.2443,    -0.0175542,    -0.0182349],
                           [      0.136846,    -0.0626233,    -0.0220103,      0.011677],
                           [    -0.0608683,     -0.013499,     0.0299246,   -0.00355339],
                           [     0.0115011,     0.0337286,    -0.0249326,     -0.002467]])

chebyshev_reaction('IM2 => OH-1 + CH2O + CH2O',
                   Tmin=   200, Tmax=  1000,
                   Pmin=( 1e+17, 'PPCC'), Pmax=( 1e+20, 'PPCC'), 
                   coeffs=[[      0.768383,       1.03653,     -0.124591,    -0.0854364],
                           [      -6.92163,      0.109953,     -0.242868,    -0.0282468],
                           [     -0.341274,     0.0293132,     -0.062486,      0.102347],
                           [      0.261425,     -0.152947,      0.131065,    -0.0553473],
                           [     -0.129048,     0.0899331,    -0.0326967,     -0.015626],
                           [     0.0125722,     0.0366911,    -0.0755738,     0.0613298]])

chebyshev_reaction('IM2 => OH-2 + CH2O + CH2O',
                   Tmin=   200, Tmax=  1000,
                   Pmin=( 1e+17, 'PPCC'), Pmax=( 1e+20, 'PPCC'), 
                   coeffs=[[       -8.1867,       2.27074,     -0.218708,     0.0303096],
                           [       -10.068,     0.0965025,    -0.0294634,    -0.0822811],
                           [     -0.559865,     0.0123839,      -0.16265,     0.0695367],
                           [      0.266257,     -0.134597,      0.120838,    -0.0101522],
                           [     -0.114294,     0.0817273,   0.000748823,    -0.0417603],
                           [     0.0181918,     0.0193732,    -0.0817013,     0.0585988]])

chebyshev_reaction('IM2 => OH-3 + cycCH2OCH2O',
                   Tmin=   200, Tmax=  1000,
                   Pmin=( 1e+17, 'PPCC'), Pmax=( 1e+20, 'PPCC'), 
                   coeffs=[[      -9.14612,       2.40947,     -0.231944,     0.0437214],
                           [      -10.3322,      0.117244,   -0.00502503,    -0.0753183],
                           [     -0.592211,     0.0425863,     -0.189057,     0.0803911],
                           [      0.250656,     -0.104453,     0.0923629,     0.0119319],
                           [     -0.101293,      0.060569,     0.0189999,     -0.055014],
                           [     0.0290908,   -0.00285626,     -0.063572,     0.0462276]])

 -- Total time elapsed: 676 seconds.

System saved to mesmer_out.xml
