
            /|      /|                        \   
           / |     / | ________________________\  
          /  |    /  |  _   _             _   _   
         /   |   /   | / \ / \ |\     /| / \ / \  
        /    |  /    | \_/ \_  | \   / | \_/ |_/  
       /     | /     | /     \ |  \ /  | /   | \  
    \_/      |/      | \_/ \_/ |   V   | \_/ |  \ 

     Mesmer: Master Equation Solver for Multi-Energy well Reactions
     Mesmer v4.0 compiled: -- Sep  8 2014 -- 11:21:07

     Copyright (C) 2009-2015 by
     Struan H. Robertson, David R. Glowacki, Chi-Hsiu Liang,
     Chris Morley, Michael J. Pilling and contributors

     Mesmer is free software: you can redistribute it and/or modify
     it under the terms of the GNU Public License as published by
     the Free Software Foundation, either version 2 of the License,
     or (at your option) any later version.

     But WITHOUT ANY WARRANTY; without even the implied warranty of
     MERCHANTABILITY or FITNESS FOR A PARTICULAR PURPOSE.  See the
     GNU Public License for more details.

    You should have received a copy of the GNU Public License
    along with Mesmer.  If not, see <http://www.gnu.org/licenses/>.

defaults.xml, librarymols.xml are in ../..

Parsing input xml file...
ChebyshevCK.xml

In R1: Parsing reaction...Association reaction
In CH3OCH2: The default value of me:DOSCMethod was used.
In CH3OCH2: Hindered rotor b5
In CH3OCH2: Hindered rotor b4
In IM1: Hindered rotor b5
In IM1: Hindered rotor b4
In IM1: Hindered rotor b8
In IM1: The default value of me:DistributionCalcMethod was used.
In R1: The default value of me:TInfinity was used.
In R1: No tunneling method used for R1
In R1: No crossing method used for R1
In R1: Not a unimolecular reaction: look for excess reactant concentration.
In R2: Parsing reaction...Isomerization reaction
In IM2: Hindered rotor b1
In IM2: Hindered rotor b2
In IM2: Hindered rotor b3
In IM2: Hindered rotor b4
In IM2: The default value of me:DistributionCalcMethod was used.
In R2: No crossing method used for R2
In R3: Parsing reaction...Irreversible unimolecular reaction
In TS5: The default value of me:frequenciesScaleFactor was used.
In TS5: The default value of me:DOSCMethod was used.
In TS5: Hindered rotor b1
In TS5: Hindered rotor b2
In TS5: Hindered rotor b3
In R3: No tunneling method used for R3
In R3: No crossing method used for R3
In R4: Parsing reaction...Irreversible unimolecular reaction
In R4: No tunneling method used for R4
In R4: No crossing method used for R4
In R5: Parsing reaction...Irreversible unimolecular reaction
In R5: No tunneling method used for R5
In R5: No crossing method used for R5
All molecules are on the same energy basis: arbitary
No pressure and temperature specified.
Write metadata 20140908_125742

File: "ChebyshevCK.xml" successfully parsed.
Main Calculation begins
Execute calcMethod analyticalRepresentation

Bath gas is He
In FastLaplaceConvolution: 740 values in the FFT convolution routine were replaced by standard convolution
In FastLaplaceConvolution: 760 values in the FFT convolution routine were replaced by standard convolution
Association ILT calculation completed
In FastLaplaceConvolution: 3920 values in the FFT convolution routine were replaced by standard convolution

REACTIONS MOLES

CH3OCH2 + O2 => IM1 (+M)  1.00  0.0  0.0
! Data generated by MESMER 4.0 on Sep  8 2014.
    TCHEB/            200          1000/
    PCHEB/          0.001            10/
    CHEB/     6     4/
    CHEB/       11.2142       1.88686     -0.635799      0.104819/
    CHEB/       1.43886     -0.932048     -0.133767      0.226282/
    CHEB/     -0.387345    -0.0614401      0.296872     -0.107181/
    CHEB/      0.112647      0.126114     -0.059811     -0.091019/
    CHEB/    -0.0519944    -0.0178104     -0.102694      0.176219/
    CHEB/    -0.0386605     0.0988135     0.0119489    -0.0714451/

CH3OCH2 + O2 => IM2 (+M)  1.00  0.0  0.0
! Data generated by MESMER 4.0 on Sep  8 2014.
    TCHEB/            200          1000/
    PCHEB/          0.001            10/
    CHEB/     6     4/
    CHEB/       9.95834       1.37454     -0.745519    -0.0368294/
    CHEB/      0.791991     -0.563656     -0.476205       0.19033/
    CHEB/     -0.551604      0.344018     0.0023268     0.0337571/
    CHEB/      0.298085      -0.14567    -0.0210755     0.0327254/
    CHEB/     -0.062995    -0.0816383      0.104819    -0.0408517/
    CHEB/     0.0368384     0.0154561   -0.00733295    -0.0330084/

CH3OCH2 + O2 => OH-1 (+M)  1.00  0.0  0.0
! Data generated by MESMER 4.0 on Sep  8 2014.
    TCHEB/            200          1000/
    PCHEB/          0.001            10/
    CHEB/     6     4/
    CHEB/       11.6501      -1.19026     -0.407789    -0.0191143/
    CHEB/     -0.167025      -1.08855     -0.278515     0.0404221/
    CHEB/     -0.184095      0.120815     0.0996053     0.0244569/
    CHEB/      0.120408     0.0320555   -0.00841203    -0.0133982/
    CHEB/    -0.0483808    -0.0249719   -0.00747357    0.00359367/
    CHEB/     0.0152187    0.00981386    0.00525102  -0.000411395/

CH3OCH2 + O2 => OH-2 (+M)  1.00  0.0  0.0
! Data generated by MESMER 4.0 on Sep  8 2014.
    TCHEB/            200          1000/
    PCHEB/          0.001            10/
    CHEB/     6     4/
    CHEB/       6.33508     -0.990509     -0.332391    -0.0306355/
    CHEB/      -1.32082      -1.00796     -0.275849     0.0072648/
    CHEB/    -0.0535135      0.043402     0.0690695     0.0263995/
    CHEB/      0.068762     0.0493988    0.00650406   -0.00899855/
    CHEB/    -0.0239482      -0.02331    -0.0112105   0.000287988/
    CHEB/    0.00500249    0.00645844    0.00523662    0.00174474/

CH3OCH2 + O2 => OH-3 (+M)  1.00  0.0  0.0
! Data generated by MESMER 4.0 on Sep  8 2014.
    TCHEB/            200          1000/
    PCHEB/          0.001            10/
    CHEB/     6     4/
    CHEB/        5.6489     -0.947457     -0.329582    -0.0337959/
    CHEB/      -1.46527     -0.966176     -0.278036    0.00304108/
    CHEB/    -0.0622682     0.0413313     0.0654626     0.0264885/
    CHEB/     0.0667369     0.0481996    0.00740727    -0.0085396/
    CHEB/    -0.0231878    -0.0227711    -0.0112051 -1.59775e-005/
    CHEB/    0.00484852    0.00617095    0.00508057    0.00187166/

IM1 => CH3OCH2 + O2 (+M)  1.00  0.0  0.0
! Data generated by MESMER 4.0 on Sep  8 2014.
    TCHEB/            200          1000/
    PCHEB/          0.001            10/
    CHEB/     6     4/
    CHEB/      -9.02536       1.88686     -0.635799      0.104819/
    CHEB/      -13.8524     -0.932048     -0.133767      0.226282/
    CHEB/     -0.432144    -0.0614401      0.296872     -0.107181/
    CHEB/      0.140381      0.126114     -0.059811     -0.091019/
    CHEB/    -0.0629094    -0.0178104     -0.102694      0.176219/
    CHEB/    -0.0354224     0.0988135     0.0119489    -0.0714451/

IM1 => IM2 (+M)  1.00  0.0  0.0
! Data generated by MESMER 4.0 on Sep  8 2014.
    TCHEB/            200          1000/
    PCHEB/          0.001            10/
    CHEB/     6     4/
    CHEB/     -0.431608       0.61682     -0.146216    0.00205973/
    CHEB/      -5.53662     -0.853717      0.136615     0.0323218/
    CHEB/     -0.108196      0.327777       0.02167    -0.0399761/
    CHEB/      0.120822    -0.0356375    -0.0649757     0.0210718/
    CHEB/    -0.0452771    -0.0457761      0.040463    0.00290265/
    CHEB/     0.0105288     0.0312235   -0.00185908    -0.0220654/

IM1 => OH-1 (+M)  1.00  0.0  0.0
! Data generated by MESMER 4.0 on Sep  8 2014.
    TCHEB/            200          1000/
    PCHEB/          0.001            10/
    CHEB/     6     4/
    CHEB/      -5.28797     -0.167902     -0.341231    -0.0251535/
    CHEB/      -11.3739      -1.18362    -0.0835351     0.0441058/
    CHEB/     -0.460127      0.307107     0.0676255     0.0202189/
    CHEB/      0.251118   -0.00667131    -0.0204377    -0.0185246/
    CHEB/    -0.0894235    -0.0245712   -0.00376263    0.00635131/
    CHEB/     0.0324806   -0.00894685     0.0132223     0.0074535/

IM1 => OH-2 (+M)  1.00  0.0  0.0
! Data generated by MESMER 4.0 on Sep  8 2014.
    TCHEB/            200          1000/
    PCHEB/          0.001            10/
    CHEB/     6     4/
    CHEB/      -14.1894       2.00378     -0.624436    -0.0468895/
    CHEB/      -14.1786     -0.716248     -0.366847      0.161224/
    CHEB/     -0.226707     -0.234704      0.577057     -0.191094/
    CHEB/      0.241699      0.395158  -0.000237752        -0.138/
    CHEB/      0.186556     -0.163292      0.170223     0.0106096/
    CHEB/     0.0467751      0.167072      0.073092     -0.100459/

IM1 => OH-3 (+M)  1.00  0.0  0.0
! Data generated by MESMER 4.0 on Sep  8 2014.
    TCHEB/            200          1000/
    PCHEB/          0.001            10/
    CHEB/     6     4/
    CHEB/      -15.1133       2.15618     -0.569924     -0.157019/
    CHEB/      -14.4574     -0.584108     -0.419841      0.115789/
    CHEB/     -0.204481      -0.27689      0.603807     -0.250601/
    CHEB/      0.253117      0.399152     0.0576191      -0.27789/
    CHEB/      0.186382      -0.10203       0.09861     0.0403528/
    CHEB/    -0.0283052      0.332366    -0.0189821     -0.103738/

IM2 => CH3OCH2 + O2 (+M)  1.00  0.0  0.0
! Data generated by MESMER 4.0 on Sep  8 2014.
    TCHEB/            200          1000/
    PCHEB/          0.001            10/
    CHEB/     6     4/
    CHEB/      -4.24157       1.37454     -0.745519    -0.0368294/
    CHEB/      -9.80033     -0.563656     -0.476205       0.19033/
    CHEB/     -0.731714      0.344018     0.0023268     0.0337571/
    CHEB/      0.354357      -0.14567    -0.0210755     0.0327254/
    CHEB/    -0.0787094    -0.0816383      0.104819    -0.0408517/
    CHEB/     0.0407488     0.0154561   -0.00733295    -0.0330084/

IM2 => IM1 (+M)  1.00  0.0  0.0
! Data generated by MESMER 4.0 on Sep  8 2014.
    TCHEB/            200          1000/
    PCHEB/          0.001            10/
    CHEB/     6     4/
    CHEB/       5.60805       0.61682     -0.146216    0.00205973/
    CHEB/     -0.837682     -0.853717      0.136615     0.0323218/
    CHEB/     -0.243508      0.327777       0.02167    -0.0399761/
    CHEB/       0.14936    -0.0356375    -0.0649757     0.0210718/
    CHEB/    -0.0500765    -0.0457761      0.040463    0.00290265/
    CHEB/     0.0112011     0.0312235   -0.00185908    -0.0220654/

IM2 => OH-1 (+M)  1.00  0.0  0.0
! Data generated by MESMER 4.0 on Sep  8 2014.
    TCHEB/            200          1000/
    PCHEB/          0.001            10/
    CHEB/     6     4/
    CHEB/      0.585668       1.25533     -0.155898    -0.0831815/
    CHEB/      -6.76849    0.00661373     -0.233138     -0.115947/
    CHEB/     -0.479719      0.174739     -0.125988     0.0729111/
    CHEB/      0.343759     -0.223524      0.114071     0.0552831/
    CHEB/     -0.130304     0.0516162     0.0269469    -0.0670288/
    CHEB/    -0.0153413      0.085306    -0.0749318    -0.0139585/

IM2 => OH-2 (+M)  1.00  0.0  0.0
! Data generated by MESMER 4.0 on Sep  8 2014.
    TCHEB/            200          1000/
    PCHEB/          0.001            10/
    CHEB/     6     4/
    CHEB/      -8.65279       2.97854     -0.304699     -0.122133/
    CHEB/      -9.77615     0.0889159     -0.361137      0.150591/
    CHEB/     -0.717585     0.0705025     -0.141749    -0.0147393/
    CHEB/      0.270422    -0.0444857    -0.0271209      0.170872/
    CHEB/    -0.0701995    -0.0040903     0.0820928     -0.104567/
    CHEB/     0.0291923    -0.0415629     0.0260722    -0.0772114/

IM2 => OH-3 (+M)  1.00  0.0  0.0
! Data generated by MESMER 4.0 on Sep  8 2014.
    TCHEB/            200          1000/
    PCHEB/          0.001            10/
    CHEB/     6     4/
    CHEB/      -9.57132        3.0543     -0.232926     -0.177019/
    CHEB/      -10.0697      0.202999     -0.400221      0.175917/
    CHEB/     -0.760294      0.112903     -0.188036     0.0251582/
    CHEB/      0.245214    -0.0125684    -0.0294291      0.152303/
    CHEB/    -0.0418762    -0.0424175     0.0956624     -0.099704/
    CHEB/     0.0563827    -0.0912323     0.0592434    -0.0935524/

 -- Total time elapsed: 678 seconds.

System saved to mesmer_out.xml
